Mar 26 15:42:19 iPhone10-1-1 WeChat(TWeakLogifyWX.dylib)[91297] <Notice>: \^[[1;36m[TWeakLogifyWX] \^[[m\^[[0;36mTweak.xm:62\^[[m \^[[0;30;46mDEBUG:\^[[m -[<BaseMsgContentViewController: 0x1472c8200> onNewSyncStart]
Mar 26 15:42:19 iPhone10-1-1 WeChat(TWeakLogifyWX.dylib)[91297] <Notice>: \^[[1;36m[TWeakLogifyWX] \^[[m\^[[0;36mTweak.xm:483\^[[m \^[[0;30;46mDEBUG:\^[[m -[<BaseMsgContentViewController: 0x1472c8200> findNodeDataByLocalId:59]
Mar 26 15:42:19 iPhone10-1-1 WeChat(TWeakLogifyWX.dylib)[91297] <Notice>:  = (null)
Mar 26 15:42:19 iPhone10-1-1 WeChat(TWeakLogifyWX.dylib)[91297] <Notice>: \^[[1;36m[TWeakLogifyWX] \^[[m\^[[0;36mTweak.xm:337\^[[m \^[[0;30;46mDEBUG:\^[[m -[<BaseMsgContentViewController: 0x1472c8200> addMessageNode:{m_uiMesLocalID=59, m_ui64MesSvrID=6468539132030407510, m_nsFromUsr=4508235412@chatroom, m_nsToUsr=wxi*322~19, m_uiStatus=4, type=1, msgSource="<msgsource><sequence_id>665754032</sequence_id>
Mar 26 15:42:19 iPhone10-1-1 WeChat(TWeakLogifyWX.dylib)[91297] <Notice>: \^[[1;36m[TWeakLogifyWX] \^[[m\^[[0;36mTweak.xm:483\^[[m \^[[0;30;46mDEBUG:\^[[m -[<BaseMsgContentViewController: 0x1472c8200> findNodeDataByLocalId:59]
Mar 26 15:42:19 iPhone10-1-1 WeChat(TWeakLogifyWX.dylib)[91297] <Notice>:  = (null)
Mar 26 15:42:19 iPhone10-1-1 WeChat(TWeakLogifyWX.dylib)[91297] <Notice>: \^[[1;36m[TWeakLogifyWX] \^[[m\^[[0;36mTweak.xm:480\^[[m \^[[0;30;46mDEBUG:\^[[m -[<BaseMsgContentViewController: 0x1472c8200> getCurContentSizeHeight]
Mar 26 15:42:19 iPhone10-1-1 WeChat(TWeakLogifyWX.dylib)[91297] <Notice>:  = 1156
Mar 26 15:42:19 iPhone10-1-1 WeChat(TWeakLogifyWX.dylib)[91297] <Notice>: \^[[1;36m[TWeakLogifyWX] \^[[m\^[[0;36mTweak.xm:157\^[[m \^[[0;30;46mDEBUG:\^[[m -[<BaseMsgContentViewController: 0x1472c8200> getTableViewVisibleHeightWithOrientation:1]
Mar 26 15:42:19 iPhone10-1-1 WeChat(TWeakLogifyWX.dylib)[91297] <Notice>: \^[[1;36m[TWeakLogifyWX] \^[[m\^[[0;36mTweak.xm:302\^[[m \^[[0;30;46mDEBUG:\^[[m -[<BaseMsgContentViewController: 0x1472c8200> getSearchBarHeight]
Mar 26 15:42:19 iPhone10-1-1 WeChat(TWeakLogifyWX.dylib)[91297] <Notice>:  = 0.000000
Mar 26 15:42:19 iPhone10-1-1 WeChat(TWeakLogifyWX.dylib)[91297] <Notice>: \^[[1;36m[TWeakLogifyWX] \^[[m\^[[0;36mTweak.xm:399\^[[m \^[[0;30;46mDEBUG:\^[[m -[<BaseMsgContentViewController: 0x1472c8200> getTipsHeight]
Mar 26 15:42:19 iPhone10-1-1 WeChat(TWeakLogifyWX.dylib)[91297] <Notice>: \^[[1;36m[TWeakLogifyWX] \^[[m\^[[0;36mTweak.xm:398\^[[m \^[[0;30;46mDEBUG:\^[[m -[<BaseMsgContentViewController: 0x1472c8200> getAddFriendTipHeight]
Mar 26 15:42:19 iPhone10-1-1 WeChat(TWeakLogifyWX.dylib)[91297] <Notice>:  = 0.000000
Mar 26 15:42:19 iPhone10-1-1 WeChat(TWeakLogifyWX.dylib)[91297] <Notice>: \^[[1;36m[TWeakLogifyWX] \^[[m\^[[0;36mTweak.xm:397\^[[m \^[[0;30;46mDEBUG:\^[[m -[<BaseMsgContentViewController: 0x1472c8200> getSecurityBannerTipHeight]
Mar 26 15:42:19 iPhone10-1-1 WeChat(TWeakLogifyWX.dylib)[91297] <Notice>:  = 0.000000
Mar 26 15:42:19 iPhone10-1-1 WeChat(TWeakLogifyWX.dylib)[91297] <Notice>:  = 0.000000
Mar 26 15:42:19 iPhone10-1-1 WeChat(TWeakLogifyWX.dylib)[91297] <Notice>:  = 264.000000
Mar 26 15:42:19 iPhone10-1-1 WeChat(TWeakLogifyWX.dylib)[91297] <Notice>: \^[[1;36m[TWeakLogifyWX] \^[[m\^[[0;36mTweak.xm:157\^[[m \^[[0;30;46mDEBUG:\^[[m -[<BaseMsgContentViewController: 0x1472c8200> getTableViewVisibleHeightWithOrientation:1]
Mar 26 15:42:19 iPhone10-1-1 WeChat(TWeakLogifyWX.dylib)[91297] <Notice>: \^[[1;36m[TWeakLogifyWX] \^[[m\^[[0;36mTweak.xm:302\^[[m \^[[0;30;46mDEBUG:\^[[m -[<BaseMsgContentViewController: 0x1472c8200> getSearchBarHeight]
Mar 26 15:42:19 iPhone10-1-1 WeChat(TWeakLogifyWX.dylib)[91297] <Notice>:  = 0.000000
Mar 26 15:42:19 iPhone10-1-1 WeChat(TWeakLogifyWX.dylib)[91297] <Notice>: \^[[1;36m[TWeakLogifyWX] \^[[m\^[[0;36mTweak.xm:399\^[[m \^[[0;30;46mDEBUG:\^[[m -[<BaseMsgContentViewController: 0x1472c8200> getTipsHeight]
Mar 26 15:42:19 iPhone10-1-1 WeChat(TWeakLogifyWX.dylib)[91297] <Notice>: \^[[1;36m[TWeakLogifyWX] \^[[m\^[[0;36mTweak.xm:398\^[[m \^[[0;30;46mDEBUG:\^[[m -[<BaseMsgContentViewController: 0x1472c8200> getAddFriendTipHeight]
Mar 26 15:42:19 iPhone10-1-1 WeChat(TWeakLogifyWX.dylib)[91297] <Notice>:  = 0.000000
Mar 26 15:42:19 iPhone10-1-1 WeChat(TWeakLogifyWX.dylib)[91297] <Notice>: \^[[1;36m[TWeakLogifyWX] \^[[m\^[[0;36mTweak.xm:397\^[[m \^[[0;30;46mDEBUG:\^[[m -[<BaseMsgContentViewController: 0x1472c8200> getSecurityBannerTipHeight]
Mar 26 15:42:19 iPhone10-1-1 WeChat(TWeakLogifyWX.dylib)[91297] <Notice>:  = 0.000000
Mar 26 15:42:19 iPhone10-1-1 WeChat(TWeakLogifyWX.dylib)[91297] <Notice>:  = 0.000000
Mar 26 15:42:19 iPhone10-1-1 WeChat(TWeakLogifyWX.dylib)[91297] <Notice>:  = 264.000000
Mar 26 15:42:19 iPhone10-1-1 WeChat(TWeakLogifyWX.dylib)[91297] <Notice>: \^[[1;36m[TWeakLogifyWX] \^[[m\^[[0;36mTweak.xm:341\^[[m \^[[0;30;46mDEBUG:\^[[m -[<BaseMsgContentViewController: 0x1472c8200> addTimeNode:{m_uiMesLocalID=59, m_ui64MesSvrID=6468539132030407510, m_nsFromUsr=4508235412@chatroom, m_nsToUsr=wxi*322~19, m_uiStatus=4, type=1, msgSource="<msgsource><sequence_id>665754032</sequence_id>
Mar 26 15:42:19 iPhone10-1-1 WeChat(TWeakLogifyWX.dylib)[91297] <Notice>: \^[[1;36m[TWeakLogifyWX] \^[[m\^[[0;36mTweak.xm:343\^[[m \^[[0;30;46mDEBUG:\^[[m -[<BaseMsgContentViewController: 0x1472c8200> isShowHeadImage:{m_uiMesLocalID=59, m_ui64MesSvrID=6468539132030407510, m_nsFromUsr=4508235412@chatroom, m_nsToUsr=wxi*322~19, m_uiStatus=4, type=1, msgSource="<msgsource><sequence_id>665754032</sequence_id>
Mar 26 15:42:19 iPhone10-1-1 WeChat(TWeakLogifyWX.dylib)[91297] <Notice>:  = 1
Mar 26 15:42:19 iPhone10-1-1 WeChat(TWeakLogifyWX.dylib)[91297] <Notice>: \^[[1;36m[TWeakLogifyWX] \^[[m\^[[0;36mTweak.xm:342\^[[m \^[[0;30;46mDEBUG:\^[[m -[<BaseMsgContentViewController: 0x1472c8200> getMessageChatContactByMessageWrap:{m_uiMesLocalID=59, m_ui64MesSvrID=6468539132030407510, m_nsFromUsr=4508235412@chatroom, m_nsToUsr=wxi*322~19, m_uiStatus=4, type=1, msgSource="<msgsource><sequence_id>665754032</sequence_id>
Mar 26 15:42:19 iPhone10-1-1 WeChat(TWeakLogifyWX.dylib)[91297] <Notice>:  = {m_nsUsrName=pas*crk~11, m_nsEncodeUserName=v1_0b77325afba00b4185213532c6081ca01d329af398a9c5b4c7108ba29d0e06c5@stranger, alias=, m_nsNickName=\M-e\M-$\M-'\M-i\M-%\M-<, m_uiType=7, m_uiConType=0, m_nsRemark=,  m_nsCountry=CN m_nsProvince=Beijing m_nsCity=Chaoyang m_nsSignature=Endnext 	 m_uiSex=1 m_uiCerFlag=0 m_nsCer=(null) scene=10 }
Mar 26 15:42:19 iPhone10-1-1 WeChat(TWeakLogifyWX.dylib)[91297] <Notice>: \^[[1;36m[TWeakLogifyWX] \^[[m\^[[0;36mTweak.xm:480\^[[m \^[[0;30;46mDEBUG:\^[[m -[<BaseMsgContentViewController: 0x1472c8200> getCurContentSizeHeight]
Mar 26 15:42:19 iPhone10-1-1 WeChat(TWeakLogifyWX.dylib)[91297] <Notice>:  = 1257
Mar 26 15:42:19 iPhone10-1-1 WeChat(TWeakLogifyWX.dylib)[91297] <Notice>: \^[[1;36m[TWeakLogifyWX] \^[[m\^[[0;36mTweak.xm:8\^[[m \^[[0;30;46mDEBUG:\^[[m -[<BaseMsgContentViewController: 0x1472c8200> richTextCoverView]
Mar 26 15:42:19 iPhone10-1-1 WeChat(TWeakLogifyWX.dylib)[91297] <Notice>:  = (null)
Mar 26 15:42:19 iPhone10-1-1 WeChat(TWeakLogifyWX.dylib)[91297] <Notice>: \^[[1;36m[TWeakLogifyWX] \^[[m\^[[0;36mTweak.xm:8\^[[m \^[[0;30;46mDEBUG:\^[[m -[<BaseMsgContentViewController: 0x1472c8200> richTextCoverView]
Mar 26 15:42:19 iPhone10-1-1 WeChat(TWeakLogifyWX.dylib)[91297] <Notice>:  = (null)
Mar 26 15:42:19 iPhone10-1-1 WeChat(TWeakLogifyWX.dylib)[91297] <Notice>: \^[[1;36m[TWeakLogifyWX] \^[[m\^[[0;36mTweak.xm:8\^[[m \^[[0;30;46mDEBUG:\^[[m -[<BaseMsgContentViewController: 0x1472c8200> richTextCoverView]
Mar 26 15:42:19 iPhone10-1-1 WeChat(TWeakLogifyWX.dylib)[91297] <Notice>:  = (null)
Mar 26 15:42:19 iPhone10-1-1 WeChat(TWeakLogifyWX.dylib)[91297] <Notice>: \^[[1;36m[TWeakLogifyWX] \^[[m\^[[0;36mTweak.xm:8\^[[m \^[[0;30;46mDEBUG:\^[[m -[<BaseMsgContentViewController: 0x1472c8200> richTextCoverView]
Mar 26 15:42:19 iPhone10-1-1 WeChat(TWeakLogifyWX.dylib)[91297] <Notice>:  = (null)
Mar 26 15:42:19 iPhone10-1-1 WeChat(TWeakLogifyWX.dylib)[91297] <Notice>: \^[[1;36m[TWeakLogifyWX] \^[[m\^[[0;36mTweak.xm:8\^[[m \^[[0;30;46mDEBUG:\^[[m -[<BaseMsgContentViewController: 0x1472c8200> richTextCoverView]
Mar 26 15:42:19 iPhone10-1-1 WeChat(TWeakLogifyWX.dylib)[91297] <Notice>:  = (null)
Mar 26 15:42:19 iPhone10-1-1 WeChat(TWeakLogifyWX.dylib)[91297] <Notice>: \^[[1;36m[TWeakLogifyWX] \^[[m\^[[0;36mTweak.xm:187\^[[m \^[[0;30;46mDEBUG:\^[[m -[<BaseMsgContentViewController: 0x1472c8200> isUseDefaultChatBkgImage]
Mar 26 15:42:19 iPhone10-1-1 WeChat(TWeakLogifyWX.dylib)[91297] <Notice>: \^[[1;36m[TWeakLogifyWX] \^[[m\^[[0;36mTweak.xm:196\^[[m \^[[0;30;46mDEBUG:\^[[m -[<BaseMsgContentViewController: 0x1472c8200> GetContact]
Mar 26 15:42:19 iPhone10-1-1 WeChat(TWeakLogifyWX.dylib)[91297] <Notice>:  = {m_nsUsrName=4508235412@chatroom, m_nsEncodeUserName=, alias=, m_nsNickName=db\M-g\M->\M-$\M-h\M^A\M^J, m_uiType=3, m_uiConType=0, m_nsRemark=,  m_nsCountry= m_nsProvince= m_nsCity= m_nsSignature= 	 m_uiSex=0 m_uiCerFlag=0 m_nsCer=(null) scene=0 }
Mar 26 15:42:19 iPhone10-1-1 WeChat(TWeakLogifyWX.dylib)[91297] <Notice>: \^[[1;36m[TWeakLogifyWX] \^[[m\^[[0;36mTweak.xm:196\^[[m \^[[0;30;46mDEBUG:\^[[m -[<BaseMsgContentViewController: 0x1472c8200> GetContact]
Mar 26 15:42:19 iPhone10-1-1 WeChat(TWeakLogifyWX.dylib)[91297] <Notice>:  = {m_nsUsrName=4508235412@chatroom, m_nsEncodeUserName=, alias=, m_nsNickName=db\M-g\M->\M-$\M-h\M^A\M^J, m_uiType=3, m_uiConType=0, m_nsRemark=,  m_nsCountry= m_nsProvince= m_nsCity= m_nsSignature= 	 m_uiSex=0 m_uiCerFlag=0 m_nsCer=(null) scene=0 }
Mar 26 15:42:19 iPhone10-1-1 WeChat(TWeakLogifyWX.dylib)[91297] <Notice>:  = 1
Mar 26 15:42:19 iPhone10-1-1 WeChat(TWeakLogifyWX.dylib)[91297] <Notice>: \^[[1;36m[TWeakLogifyWX] \^[[m\^[[0;36mTweak.xm:293\^[[m \^[[0;30;46mDEBUG:\^[[m -[<BaseMsgContentViewController: 0x1472c8200> didFinishedLoading:<YYTableView: 0x1472b6800; baseClass = UITableView; frame = (0 0; 320 568); clipsToBounds = YES; gestureRecognizers = <NSArray: 0x14915ad90>; layer = <CALayer: 0x14915a340>; contentOffset: {0, 892}; contentSize: {320, 1257}>]
Mar 26 15:42:19 iPhone10-1-1 WeChat(TWeakLogifyWX.dylib)[91297] <Notice>: \^[[1;36m[TWeakLogifyWX] \^[[m\^[[0;36mTweak.xm:472\^[[m \^[[0;30;46mDEBUG:\^[[m -[<BaseMsgContentViewController: 0x1472c8200> ScrollToBottomAnimated:1]
Mar 26 15:42:19 iPhone10-1-1 WeChat(TWeakLogifyWX.dylib)[91297] <Notice>: \^[[1;36m[TWeakLogifyWX] \^[[m\^[[0;36mTweak.xm:61\^[[m \^[[0;30;46mDEBUG:\^[[m -[<BaseMsgContentViewController: 0x1472c8200> onNewSyncFinish]
Mar 26 15:42:19 iPhone10-1-1 WeChat(TWeakLogifyWX.dylib)[91297] <Notice>: \^[[1;36m[TWeakLogifyWX] \^[[m\^[[0;36mTweak.xm:291\^[[m \^[[0;30;46mDEBUG:\^[[m -[<BaseMsgContentViewController: 0x1472c8200> tableView:<YYTableView: 0x1472b6800; baseClass = UITableView; frame = (0 0; 320 568); clipsToBounds = YES; gestureRecognizers = <NSArray: 0x14915ad90>; layer = <CALayer: 0x14915a340>; contentOffset: {0, 892}; contentSize: {320, 1257}> cellForRowAtIndexPath:<NSIndexPath: 0xc000000000001316> {length = 2, path = 19 - 0}]
Mar 26 15:42:19 iPhone10-1-1 WeChat(TWeakLogifyWX.dylib)[91297] <Notice>: \^[[1;36m[TWeakLogifyWX] \^[[m\^[[0;36mTweak.xm:294\^[[m \^[[0;30;46mDEBUG:\^[[m -[<BaseMsgContentViewController: 0x1472c8200> makeCell:<ChatTableViewCell: 0x147200a00; baseClass = UITableViewCell; frame = (0 890; 320 46); hidden = YES; autoresize = W; layer = <CALayer: 0x149323bc0>> indexPath:<NSIndexPath: 0xc000000000001316> {length = 2, path = 19 - 0}]
Mar 26 15:42:19 iPhone10-1-1 WeChat(TWeakLogifyWX.dylib)[91297] <Notice>:  = <ChatTableViewCell: 0x147200a00; baseClass = UITableViewCell; frame = (0 890; 320 46); hidden = YES; autoresize = W; layer = <CALayer: 0x149323bc0>>
Mar 26 15:42:19 iPhone10-1-1 WeChat(TWeakLogifyWX.dylib)[91297] <Notice>: \^[[1;36m[TWeakLogifyWX] \^[[m\^[[0;36mTweak.xm:187\^[[m \^[[0;30;46mDEBUG:\^[[m -[<BaseMsgContentViewController: 0x1472c8200> isUseDefaultChatBkgImage]
Mar 26 15:42:19 iPhone10-1-1 WeChat(TWeakLogifyWX.dylib)[91297] <Notice>: \^[[1;36m[TWeakLogifyWX] \^[[m\^[[0;36mTweak.xm:196\^[[m \^[[0;30;46mDEBUG:\^[[m -[<BaseMsgContentViewController: 0x1472c8200> GetContact]
Mar 26 15:42:19 iPhone10-1-1 WeChat(TWeakLogifyWX.dylib)[91297] <Notice>:  = {m_nsUsrName=4508235412@chatroom, m_nsEncodeUserName=, alias=, m_nsNickName=db\M-g\M->\M-$\M-h\M^A\M^J, m_uiType=3, m_uiConType=0, m_nsRemark=,  m_nsCountry= m_nsProvince= m_nsCity= m_nsSignature= 	 m_uiSex=0 m_uiCerFlag=0 m_nsCer=(null) scene=0 }
Mar 26 15:42:19 iPhone10-1-1 WeChat(TWeakLogifyWX.dylib)[91297] <Notice>: \^[[1;36m[TWeakLogifyWX] \^[[m\^[[0;36mTweak.xm:196\^[[m \^[[0;30;46mDEBUG:\^[[m -[<BaseMsgContentViewController: 0x1472c8200> GetContact]
Mar 26 15:42:19 iPhone10-1-1 WeChat(TWeakLogifyWX.dylib)[91297] <Notice>:  = {m_nsUsrName=4508235412@chatroom, m_nsEncodeUserName=, alias=, m_nsNickName=db\M-g\M->\M-$\M-h\M^A\M^J, m_uiType=3, m_uiConType=0, m_nsRemark=,  m_nsCountry= m_nsProvince= m_nsCity= m_nsSignature= 	 m_uiSex=0 m_uiCerFlag=0 m_nsCer=(null) scene=0 }
Mar 26 15:42:19 iPhone10-1-1 WeChat(TWeakLogifyWX.dylib)[91297] <Notice>:  = 1
Mar 26 15:42:19 iPhone10-1-1 WeChat(TWeakLogifyWX.dylib)[91297] <Notice>: \^[[1;36m[TWeakLogifyWX] \^[[m\^[[0;36mTweak.xm:187\^[[m \^[[0;30;46mDEBUG:\^[[m -[<BaseMsgContentViewController: 0x1472c8200> isUseDefaultChatBkgImage]
Mar 26 15:42:19 iPhone10-1-1 WeChat(TWeakLogifyWX.dylib)[91297] <Notice>: \^[[1;36m[TWeakLogifyWX] \^[[m\^[[0;36mTweak.xm:196\^[[m \^[[0;30;46mDEBUG:\^[[m -[<BaseMsgContentViewController: 0x1472c8200> GetContact]
Mar 26 15:42:19 iPhone10-1-1 WeChat(TWeakLogifyWX.dylib)[91297] <Notice>:  = {m_nsUsrName=4508235412@chatroom, m_nsEncodeUserName=, alias=, m_nsNickName=db\M-g\M->\M-$\M-h\M^A\M^J, m_uiType=3, m_uiConType=0, m_nsRemark=,  m_nsCountry= m_nsProvince= m_nsCity= m_nsSignature= 	 m_uiSex=0 m_uiCerFlag=0 m_nsCer=(null) scene=0 }
Mar 26 15:42:19 iPhone10-1-1 WeChat(TWeakLogifyWX.dylib)[91297] <Notice>: \^[[1;36m[TWeakLogifyWX] \^[[m\^[[0;36mTweak.xm:196\^[[m \^[[0;30;46mDEBUG:\^[[m -[<BaseMsgContentViewController: 0x1472c8200> GetContact]
Mar 26 15:42:19 iPhone10-1-1 WeChat(TWeakLogifyWX.dylib)[91297] <Notice>:  = {m_nsUsrName=4508235412@chatroom, m_nsEncodeUserName=, alias=, m_nsNickName=db\M-g\M->\M-$\M-h\M^A\M^J, m_uiType=3, m_uiConType=0, m_nsRemark=,  m_nsCountry= m_nsProvince= m_nsCity= m_nsSignature= 	 m_uiSex=0 m_uiCerFlag=0 m_nsCer=(null) scene=0 }
Mar 26 15:42:19 iPhone10-1-1 WeChat(TWeakLogifyWX.dylib)[91297] <Notice>:  = 1
Mar 26 15:42:19 iPhone10-1-1 WeChat(TWeakLogifyWX.dylib)[91297] <Notice>: \^[[1;36m[TWeakLogifyWX] \^[[m\^[[0;36mTweak.xm:187\^[[m \^[[0;30;46mDEBUG:\^[[m -[<BaseMsgContentViewController: 0x1472c8200> isUseDefaultChatBkgImage]
Mar 26 15:42:19 iPhone10-1-1 WeChat(TWeakLogifyWX.dylib)[91297] <Notice>: \^[[1;36m[TWeakLogifyWX] \^[[m\^[[0;36mTweak.xm:196\^[[m \^[[0;30;46mDEBUG:\^[[m -[<BaseMsgContentViewController: 0x1472c8200> GetContact]
Mar 26 15:42:19 iPhone10-1-1 WeChat(TWeakLogifyWX.dylib)[91297] <Notice>:  = {m_nsUsrName=4508235412@chatroom, m_nsEncodeUserName=, alias=, m_nsNickName=db\M-g\M->\M-$\M-h\M^A\M^J, m_uiType=3, m_uiConType=0, m_nsRemark=,  m_nsCountry= m_nsProvince= m_nsCity= m_nsSignature= 	 m_uiSex=0 m_uiCerFlag=0 m_nsCer=(null) scene=0 }
Mar 26 15:42:19 iPhone10-1-1 WeChat(TWeakLogifyWX.dylib)[91297] <Notice>: \^[[1;36m[TWeakLogifyWX] \^[[m\^[[0;36mTweak.xm:196\^[[m \^[[0;30;46mDEBUG:\^[[m -[<BaseMsgContentViewController: 0x1472c8200> GetContact]
Mar 26 15:42:19 iPhone10-1-1 WeChat(TWeakLogifyWX.dylib)[91297] <Notice>:  = {m_nsUsrName=4508235412@chatroom, m_nsEncodeUserName=, alias=, m_nsNickName=db\M-g\M->\M-$\M-h\M^A\M^J, m_uiType=3, m_uiConType=0, m_nsRemark=,  m_nsCountry= m_nsProvince= m_nsCity= m_nsSignature= 	 m_uiSex=0 m_uiCerFlag=0 m_nsCer=(null) scene=0 }
Mar 26 15:42:19 iPhone10-1-1 WeChat(TWeakLogifyWX.dylib)[91297] <Notice>:  = 1
Mar 26 15:42:19 iPhone10-1-1 WeChat(TWeakLogifyWX.dylib)[91297] <Notice>: \^[[1;36m[TWeakLogifyWX] \^[[m\^[[0;36mTweak.xm:291\^[[m \^[[0;30;46mDEBUG:\^[[m -[<BaseMsgContentViewController: 0x1472c8200> tableView:<YYTableView: 0x1472b6800; baseClass = UITableView; frame = (0 0; 320 568); clipsToBounds = YES; gestureRecognizers = <NSArray: 0x14915ad90>; layer = <CALayer: 0x14915a340>; contentOffset: {0, 892}; contentSize: {320, 1257}> cellForRowAtIndexPath:<NSIndexPath: 0xc000000000001416> {length = 2, path = 20 - 0}]
Mar 26 15:42:19 iPhone10-1-1 WeChat(TWeakLogifyWX.dylib)[91297] <Notice>: \^[[1;36m[TWeakLogifyWX] \^[[m\^[[0;36mTweak.xm:294\^[[m \^[[0;30;46mDEBUG:\^[[m -[<BaseMsgContentViewController: 0x1472c8200> makeCell:<ChatTableViewCell: 0x14826a400; baseClass = UITableViewCell; frame = (0 936; 320 55); hidden = YES; autoresize = W; layer = <CALayer: 0x149326a70>> indexPath:<NSIndexPath: 0xc000000000001416> {length = 2, path = 20 - 0}]
Mar 26 15:42:19 iPhone10-1-1 WeChat(TWeakLogifyWX.dylib)[91297] <Notice>:  = <ChatTableViewCell: 0x14826a400; baseClass = UITableViewCell; frame = (0 936; 320 55); hidden = YES; autoresize = W; layer = <CALayer: 0x149326a70>>
Mar 26 15:42:19 iPhone10-1-1 WeChat(TWeakLogifyWX.dylib)[91297] <Notice>: \^[[1;36m[TWeakLogifyWX] \^[[m\^[[0;36mTweak.xm:291\^[[m \^[[0;30;46mDEBUG:\^[[m -[<BaseMsgContentViewController: 0x1472c8200> tableView:<YYTableView: 0x1472b6800; baseClass = UITableView; frame = (0 0; 320 568); clipsToBounds = YES; gestureRecognizers = <NSArray: 0x14915ad90>; layer = <CALayer: 0x14915a340>; contentOffset: {0, 892}; contentSize: {320, 1257}> cellForRowAtIndexPath:<NSIndexPath: 0xc000000000001516> {length = 2, path = 21 - 0}]
Mar 26 15:42:19 iPhone10-1-1 WeChat(TWeakLogifyWX.dylib)[91297] <Notice>: \^[[1;36m[TWeakLogifyWX] \^[[m\^[[0;36mTweak.xm:294\^[[m \^[[0;30;46mDEBUG:\^[[m -[<BaseMsgContentViewController: 0x1472c8200> makeCell:<ChatTableViewCell: 0x1480d6a00; baseClass = UITableViewCell; frame = (0 991; 320 55); hidden = YES; autoresize = W; layer = <CALayer: 0x1490e2fb0>> indexPath:<NSIndexPath: 0xc000000000001516> {length = 2, path = 21 - 0}]
Mar 26 15:42:19 iPhone10-1-1 WeChat(TWeakLogifyWX.dylib)[91297] <Notice>:  = <ChatTableViewCell: 0x1480d6a00; baseClass = UITableViewCell; frame = (0 991; 320 55); hidden = YES; autoresize = W; layer = <CALayer: 0x1490e2fb0>>
Mar 26 15:42:19 iPhone10-1-1 WeChat(TWeakLogifyWX.dylib)[91297] <Notice>: \^[[1;36m[TWeakLogifyWX] \^[[m\^[[0;36mTweak.xm:291\^[[m \^[[0;30;46mDEBUG:\^[[m -[<BaseMsgContentViewController: 0x1472c8200> tableView:<YYTableView: 0x1472b6800; baseClass = UITableView; frame = (0 0; 320 568); clipsToBounds = YES; gestureRecognizers = <NSArray: 0x14915ad90>; layer = <CALayer: 0x14915a340>; contentOffset: {0, 892}; contentSize: {320, 1257}> cellForRowAtIndexPath:<NSIndexPath: 0xc000000000001616> {length = 2, path = 22 - 0}]
Mar 26 15:42:19 iPhone10-1-1 WeChat(TWeakLogifyWX.dylib)[91297] <Notice>: \^[[1;36m[TWeakLogifyWX] \^[[m\^[[0;36mTweak.xm:294\^[[m \^[[0;30;46mDEBUG:\^[[m -[<BaseMsgContentViewController: 0x1472c8200> makeCell:<ChatTableViewCell: 0x1472be000; baseClass = UITableViewCell; frame = (0 1046; 320 55); hidden = YES; autoresize = W; layer = <CALayer: 0x149450d70>> indexPath:<NSIndexPath: 0xc000000000001616> {length = 2, path = 22 - 0}]
Mar 26 15:42:19 iPhone10-1-1 WeChat(TWeakLogifyWX.dylib)[91297] <Notice>:  = <ChatTableViewCell: 0x1472be000; baseClass = UITableViewCell; frame = (0 1046; 320 55); hidden = YES; autoresize = W; layer = <CALayer: 0x149450d70>>
Mar 26 15:42:19 iPhone10-1-1 WeChat(TWeakLogifyWX.dylib)[91297] <Notice>: \^[[1;36m[TWeakLogifyWX] \^[[m\^[[0;36mTweak.xm:291\^[[m \^[[0;30;46mDEBUG:\^[[m -[<BaseMsgContentViewController: 0x1472c8200> tableView:<YYTableView: 0x1472b6800; baseClass = UITableView; frame = (0 0; 320 568); clipsToBounds = YES; gestureRecognizers = <NSArray: 0x14915ad90>; layer = <CALayer: 0x14915a340>; contentOffset: {0, 892}; contentSize: {320, 1257}> cellForRowAtIndexPath:<NSIndexPath: 0xc000000000001716> {length = 2, path = 23 - 0}]
Mar 26 15:42:19 iPhone10-1-1 WeChat(TWeakLogifyWX.dylib)[91297] <Notice>: \^[[1;36m[TWeakLogifyWX] \^[[m\^[[0;36mTweak.xm:294\^[[m \^[[0;30;46mDEBUG:\^[[m -[<BaseMsgContentViewController: 0x1472c8200> makeCell:<ChatTableViewCell: 0x1472dda00; baseClass = UITableViewCell; frame = (0 1101; 320 55); hidden = YES; autoresize = W; layer = <CALayer: 0x1491a2810>> indexPath:<NSIndexPath: 0xc000000000001716> {length = 2, path = 23 - 0}]
Mar 26 15:42:19 iPhone10-1-1 WeChat(TWeakLogifyWX.dylib)[91297] <Notice>:  = <ChatTableViewCell: 0x1472dda00; baseClass = UITableViewCell; frame = (0 1101; 320 55); hidden = YES; autoresize = W; layer = <CALayer: 0x1491a2810>>
Mar 26 15:42:19 iPhone10-1-1 WeChat(TWeakLogifyWX.dylib)[91297] <Notice>: \^[[1;36m[TWeakLogifyWX] \^[[m\^[[0;36mTweak.xm:291\^[[m \^[[0;30;46mDEBUG:\^[[m -[<BaseMsgContentViewController: 0x1472c8200> tableView:<YYTableView: 0x1472b6800; baseClass = UITableView; frame = (0 0; 320 568); clipsToBounds = YES; gestureRecognizers = <NSArray: 0x14915ad90>; layer = <CALayer: 0x14915a340>; contentOffset: {0, 892}; contentSize: {320, 1257}> cellForRowAtIndexPath:<NSIndexPath: 0xc000000000001816> {length = 2, path = 24 - 0}]
Mar 26 15:42:19 iPhone10-1-1 WeChat(TWeakLogifyWX.dylib)[91297] <Notice>: \^[[1;36m[TWeakLogifyWX] \^[[m\^[[0;36mTweak.xm:294\^[[m \^[[0;30;46mDEBUG:\^[[m -[<BaseMsgContentViewController: 0x1472c8200> makeCell:<ChatTableViewCell: 0x147302400; baseClass = UITableViewCell; frame = (0 789; 320 46); hidden = YES; autoresize = W; layer = <CALayer: 0x1491a7bc0>> indexPath:<NSIndexPath: 0xc000000000001816> {length = 2, path = 24 - 0}]
Mar 26 15:42:19 iPhone10-1-1 WeChat(TWeakLogifyWX.dylib)[91297] <Notice>:  = <ChatTableViewCell: 0x147302400; baseClass = UITableViewCell; frame = (0 789; 320 46); hidden = YES; autoresize = W; layer = <CALayer: 0x1491a7bc0>>
Mar 26 15:42:19 iPhone10-1-1 WeChat(TWeakLogifyWX.dylib)[91297] <Notice>: \^[[1;36m[TWeakLogifyWX] \^[[m\^[[0;36mTweak.xm:187\^[[m \^[[0;30;46mDEBUG:\^[[m -[<BaseMsgContentViewController: 0x1472c8200> isUseDefaultChatBkgImage]
Mar 26 15:42:19 iPhone10-1-1 WeChat(TWeakLogifyWX.dylib)[91297] <Notice>: \^[[1;36m[TWeakLogifyWX] \^[[m\^[[0;36mTweak.xm:196\^[[m \^[[0;30;46mDEBUG:\^[[m -[<BaseMsgContentViewController: 0x1472c8200> GetContact]
Mar 26 15:42:19 iPhone10-1-1 WeChat(TWeakLogifyWX.dylib)[91297] <Notice>:  = {m_nsUsrName=4508235412@chatroom, m_nsEncodeUserName=, alias=, m_nsNickName=db\M-g\M->\M-$\M-h\M^A\M^J, m_uiType=3, m_uiConType=0, m_nsRemark=,  m_nsCountry= m_nsProvince= m_nsCity= m_nsSignature= 	 m_uiSex=0 m_uiCerFlag=0 m_nsCer=(null) scene=0 }
Mar 26 15:42:19 iPhone10-1-1 WeChat(TWeakLogifyWX.dylib)[91297] <Notice>: \^[[1;36m[TWeakLogifyWX] \^[[m\^[[0;36mTweak.xm:196\^[[m \^[[0;30;46mDEBUG:\^[[m -[<BaseMsgContentViewController: 0x1472c8200> GetContact]
Mar 26 15:42:19 iPhone10-1-1 WeChat(TWeakLogifyWX.dylib)[91297] <Notice>:  = {m_nsUsrName=4508235412@chatroom, m_nsEncodeUserName=, alias=, m_nsNickName=db\M-g\M->\M-$\M-h\M^A\M^J, m_uiType=3, m_uiConType=0, m_nsRemark=,  m_nsCountry= m_nsProvince= m_nsCity= m_nsSignature= 	 m_uiSex=0 m_uiCerFlag=0 m_nsCer=(null) scene=0 }
Mar 26 15:42:19 iPhone10-1-1 WeChat(TWeakLogifyWX.dylib)[91297] <Notice>:  = 1
Mar 26 15:42:19 iPhone10-1-1 WeChat(TWeakLogifyWX.dylib)[91297] <Notice>: \^[[1;36m[TWeakLogifyWX] \^[[m\^[[0;36mTweak.xm:187\^[[m \^[[0;30;46mDEBUG:\^[[m -[<BaseMsgContentViewController: 0x1472c8200> isUseDefaultChatBkgImage]
Mar 26 15:42:19 iPhone10-1-1 WeChat(TWeakLogifyWX.dylib)[91297] <Notice>: \^[[1;36m[TWeakLogifyWX] \^[[m\^[[0;36mTweak.xm:196\^[[m \^[[0;30;46mDEBUG:\^[[m -[<BaseMsgContentViewController: 0x1472c8200> GetContact]
Mar 26 15:42:19 iPhone10-1-1 WeChat(TWeakLogifyWX.dylib)[91297] <Notice>:  = {m_nsUsrName=4508235412@chatroom, m_nsEncodeUserName=, alias=, m_nsNickName=db\M-g\M->\M-$\M-h\M^A\M^J, m_uiType=3, m_uiConType=0, m_nsRemark=,  m_nsCountry= m_nsProvince= m_nsCity= m_nsSignature= 	 m_uiSex=0 m_uiCerFlag=0 m_nsCer=(null) scene=0 }
Mar 26 15:42:19 iPhone10-1-1 WeChat(TWeakLogifyWX.dylib)[91297] <Notice>: \^[[1;36m[TWeakLogifyWX] \^[[m\^[[0;36mTweak.xm:196\^[[m \^[[0;30;46mDEBUG:\^[[m -[<BaseMsgContentViewController: 0x1472c8200> GetContact]
Mar 26 15:42:19 iPhone10-1-1 WeChat(TWeakLogifyWX.dylib)[91297] <Notice>:  = {m_nsUsrName=4508235412@chatroom, m_nsEncodeUserName=, alias=, m_nsNickName=db\M-g\M->\M-$\M-h\M^A\M^J, m_uiType=3, m_uiConType=0, m_nsRemark=,  m_nsCountry= m_nsProvince= m_nsCity= m_nsSignature= 	 m_uiSex=0 m_uiCerFlag=0 m_nsCer=(null) scene=0 }
Mar 26 15:42:19 iPhone10-1-1 WeChat(TWeakLogifyWX.dylib)[91297] <Notice>:  = 1
Mar 26 15:42:19 iPhone10-1-1 WeChat(TWeakLogifyWX.dylib)[91297] <Notice>: \^[[1;36m[TWeakLogifyWX] \^[[m\^[[0;36mTweak.xm:187\^[[m \^[[0;30;46mDEBUG:\^[[m -[<BaseMsgContentViewController: 0x1472c8200> isUseDefaultChatBkgImage]
Mar 26 15:42:19 iPhone10-1-1 WeChat(TWeakLogifyWX.dylib)[91297] <Notice>: \^[[1;36m[TWeakLogifyWX] \^[[m\^[[0;36mTweak.xm:196\^[[m \^[[0;30;46mDEBUG:\^[[m -[<BaseMsgContentViewController: 0x1472c8200> GetContact]
Mar 26 15:42:19 iPhone10-1-1 WeChat(TWeakLogifyWX.dylib)[91297] <Notice>:  = {m_nsUsrName=4508235412@chatroom, m_nsEncodeUserName=, alias=, m_nsNickName=db\M-g\M->\M-$\M-h\M^A\M^J, m_uiType=3, m_uiConType=0, m_nsRemark=,  m_nsCountry= m_nsProvince= m_nsCity= m_nsSignature= 	 m_uiSex=0 m_uiCerFlag=0 m_nsCer=(null) scene=0 }
Mar 26 15:42:19 iPhone10-1-1 WeChat(TWeakLogifyWX.dylib)[91297] <Notice>: \^[[1;36m[TWeakLogifyWX] \^[[m\^[[0;36mTweak.xm:196\^[[m \^[[0;30;46mDEBUG:\^[[m -[<BaseMsgContentViewController: 0x1472c8200> GetContact]
Mar 26 15:42:19 iPhone10-1-1 WeChat(TWeakLogifyWX.dylib)[91297] <Notice>:  = {m_nsUsrName=4508235412@chatroom, m_nsEncodeUserName=, alias=, m_nsNickName=db\M-g\M->\M-$\M-h\M^A\M^J, m_uiType=3, m_uiConType=0, m_nsRemark=,  m_nsCountry= m_nsProvince= m_nsCity= m_nsSignature= 	 m_uiSex=0 m_uiCerFlag=0 m_nsCer=(null) scene=0 }
Mar 26 15:42:19 iPhone10-1-1 WeChat(TWeakLogifyWX.dylib)[91297] <Notice>:  = 1
Mar 26 15:42:19 iPhone10-1-1 WeChat(TWeakLogifyWX.dylib)[91297] <Notice>: \^[[1;36m[TWeakLogifyWX] \^[[m\^[[0;36mTweak.xm:291\^[[m \^[[0;30;46mDEBUG:\^[[m -[<BaseMsgContentViewController: 0x1472c8200> tableView:<YYTableView: 0x1472b6800; baseClass = UITableView; frame = (0 0; 320 568); clipsToBounds = YES; gestureRecognizers = <NSArray: 0x14915ad90>; layer = <CALayer: 0x14915a340>; contentOffset: {0, 892}; contentSize: {320, 1257}> cellForRowAtIndexPath:<NSIndexPath: 0xc000000000001916> {length = 2, path = 25 - 0}]
Mar 26 15:42:19 iPhone10-1-1 WeChat(TWeakLogifyWX.dylib)[91297] <Notice>: \^[[1;36m[TWeakLogifyWX] \^[[m\^[[0;36mTweak.xm:294\^[[m \^[[0;30;46mDEBUG:\^[[m -[<BaseMsgContentViewController: 0x1472c8200> makeCell:<ChatTableViewCell: 0x1480ffa00; baseClass = UITableViewCell; frame = (0 835; 320 55); hidden = YES; autoresize = W; layer = <CALayer: 0x149321ec0>> indexPath:<NSIndexPath: 0xc000000000001916> {length = 2, path = 25 - 0}]
Mar 26 15:42:19 iPhone10-1-1 WeChat(TWeakLogifyWX.dylib)[91297] <Notice>:  = <ChatTableViewCell: 0x1480ffa00; baseClass = UITableViewCell; frame = (0 835; 320 55); hidden = YES; autoresize = W; layer = <CALayer: 0x149321ec0>>
Mar 26 15:42:19 iPhone10-1-1 WeChat(TWeakLogifyWX.dylib)[91297] <Notice>: \^[[1;36m[TWeakLogifyWX] \^[[m\^[[0;36mTweak.xm:280\^[[m \^[[0;30;46mDEBUG:\^[[m -[<BaseMsgContentViewController: 0x1472c8200> scrollViewDidScroll:<YYTableView: 0x1472b6800; baseClass = UITableView; frame = (0 0; 320 568); clipsToBounds = YES; gestureRecognizers = <NSArray: 0x14915ad90>; layer = <CALayer: 0x14915a340>; contentOffset: {0, 905.5}; contentSize: {320, 1257}>]
Mar 26 15:42:19 iPhone10-1-1 WeChat(TWeakLogifyWX.dylib)[91297] <Notice>: \^[[1;36m[TWeakLogifyWX] \^[[m\^[[0;36mTweak.xm:157\^[[m \^[[0;30;46mDEBUG:\^[[m -[<BaseMsgContentViewController: 0x1472c8200> getTableViewVisibleHeightWithOrientation:1]
Mar 26 15:42:19 iPhone10-1-1 WeChat(TWeakLogifyWX.dylib)[91297] <Notice>: \^[[1;36m[TWeakLogifyWX] \^[[m\^[[0;36mTweak.xm:302\^[[m \^[[0;30;46mDEBUG:\^[[m -[<BaseMsgContentViewController: 0x1472c8200> getSearchBarHeight]
Mar 26 15:42:19 iPhone10-1-1 WeChat(TWeakLogifyWX.dylib)[91297] <Notice>:  = 0.000000
Mar 26 15:42:19 iPhone10-1-1 WeChat(TWeakLogifyWX.dylib)[91297] <Notice>: \^[[1;36m[TWeakLogifyWX] \^[[m\^[[0;36mTweak.xm:399\^[[m \^[[0;30;46mDEBUG:\^[[m -[<BaseMsgContentViewController: 0x1472c8200> getTipsHeight]
Mar 26 15:42:19 iPhone10-1-1 WeChat(TWeakLogifyWX.dylib)[91297] <Notice>: \^[[1;36m[TWeakLogifyWX] \^[[m\^[[0;36mTweak.xm:398\^[[m \^[[0;30;46mDEBUG:\^[[m -[<BaseMsgContentViewController: 0x1472c8200> getAddFriendTipHeight]
Mar 26 15:42:19 iPhone10-1-1 WeChat(TWeakLogifyWX.dylib)[91297] <Notice>:  = 0.000000
Mar 26 15:42:19 iPhone10-1-1 WeChat(TWeakLogifyWX.dylib)[91297] <Notice>: \^[[1;36m[TWeakLogifyWX] \^[[m\^[[0;36mTweak.xm:397\^[[m \^[[0;30;46mDEBUG:\^[[m -[<BaseMsgContentViewController: 0x1472c8200> getSecurityBannerTipHeight]
Mar 26 15:42:19 iPhone10-1-1 WeChat(TWeakLogifyWX.dylib)[91297] <Notice>:  = 0.000000
Mar 26 15:42:19 iPhone10-1-1 WeChat(TWeakLogifyWX.dylib)[91297] <Notice>:  = 0.000000
Mar 26 15:42:19 iPhone10-1-1 WeChat(TWeakLogifyWX.dylib)[91297] <Notice>:  = 264.000000
Mar 26 15:42:19 iPhone10-1-1 WeChat(TWeakLogifyWX.dylib)[91297] <Notice>: \^[[1;36m[TWeakLogifyWX] \^[[m\^[[0;36mTweak.xm:280\^[[m \^[[0;30;46mDEBUG:\^[[m -[<BaseMsgContentViewController: 0x1472c8200> scrollViewDidScroll:<YYTableView: 0x1472b6800; baseClass = UITableView; frame = (0 0; 320 568); clipsToBounds = YES; gestureRecognizers = <NSArray: 0x14915ad90>; layer = <CALayer: 0x14915a340>; contentOffset: {0, 912.5}; contentSize: {320, 1257}>]
Mar 26 15:42:19 iPhone10-1-1 WeChat(TWeakLogifyWX.dylib)[91297] <Notice>: \^[[1;36m[TWeakLogifyWX] \^[[m\^[[0;36mTweak.xm:157\^[[m \^[[0;30;46mDEBUG:\^[[m -[<BaseMsgContentViewController: 0x1472c8200> getTableViewVisibleHeightWithOrientation:1]
Mar 26 15:42:19 iPhone10-1-1 WeChat(TWeakLogifyWX.dylib)[91297] <Notice>: \^[[1;36m[TWeakLogifyWX] \^[[m\^[[0;36mTweak.xm:302\^[[m \^[[0;30;46mDEBUG:\^[[m -[<BaseMsgContentViewController: 0x1472c8200> getSearchBarHeight]
Mar 26 15:42:19 iPhone10-1-1 WeChat(TWeakLogifyWX.dylib)[91297] <Notice>:  = 0.000000
Mar 26 15:42:19 iPhone10-1-1 WeChat(TWeakLogifyWX.dylib)[91297] <Notice>: \^[[1;36m[TWeakLogifyWX] \^[[m\^[[0;36mTweak.xm:399\^[[m \^[[0;30;46mDEBUG:\^[[m -[<BaseMsgContentViewController: 0x1472c8200> getTipsHeight]
Mar 26 15:42:19 iPhone10-1-1 WeChat(TWeakLogifyWX.dylib)[91297] <Notice>: \^[[1;36m[TWeakLogifyWX] \^[[m\^[[0;36mTweak.xm:398\^[[m \^[[0;30;46mDEBUG:\^[[m -[<BaseMsgContentViewController: 0x1472c8200> getAddFriendTipHeight]
Mar 26 15:42:19 iPhone10-1-1 WeChat(TWeakLogifyWX.dylib)[91297] <Notice>:  = 0.000000
Mar 26 15:42:19 iPhone10-1-1 WeChat(TWeakLogifyWX.dylib)[91297] <Notice>: \^[[1;36m[TWeakLogifyWX] \^[[m\^[[0;36mTweak.xm:397\^[[m \^[[0;30;46mDEBUG:\^[[m -[<BaseMsgContentViewController: 0x1472c8200> getSecurityBannerTipHeight]
Mar 26 15:42:19 iPhone10-1-1 WeChat(TWeakLogifyWX.dylib)[91297] <Notice>:  = 0.000000
Mar 26 15:42:19 iPhone10-1-1 WeChat(TWeakLogifyWX.dylib)[91297] <Notice>:  = 0.000000
Mar 26 15:42:19 iPhone10-1-1 WeChat(TWeakLogifyWX.dylib)[91297] <Notice>:  = 264.000000
Mar 26 15:42:19 iPhone10-1-1 WeChat(TWeakLogifyWX.dylib)[91297] <Notice>: \^[[1;36m[TWeakLogifyWX] \^[[m\^[[0;36mTweak.xm:280\^[[m \^[[0;30;46mDEBUG:\^[[m -[<BaseMsgContentViewController: 0x1472c8200> scrollViewDidScroll:<YYTableView: 0x1472b6800; baseClass = UITableView; frame = (0 0; 320 568); clipsToBounds = YES; gestureRecognizers = <NSArray: 0x14915ad90>; layer = <CALayer: 0x14915a340>; contentOffset: {0, 920}; contentSize: {320, 1257}>]
Mar 26 15:42:19 iPhone10-1-1 WeChat(TWeakLogifyWX.dylib)[91297] <Notice>: \^[[1;36m[TWeakLogifyWX] \^[[m\^[[0;36mTweak.xm:157\^[[m \^[[0;30;46mDEBUG:\^[[m -[<BaseMsgContentViewController: 0x1472c8200> getTableViewVisibleHeightWithOrientation:1]
Mar 26 15:42:19 iPhone10-1-1 WeChat(TWeakLogifyWX.dylib)[91297] <Notice>: \^[[1;36m[TWeakLogifyWX] \^[[m\^[[0;36mTweak.xm:302\^[[m \^[[0;30;46mDEBUG:\^[[m -[<BaseMsgContentViewController: 0x1472c8200> getSearchBarHeight]
Mar 26 15:42:19 iPhone10-1-1 WeChat(TWeakLogifyWX.dylib)[91297] <Notice>:  = 0.000000
Mar 26 15:42:19 iPhone10-1-1 WeChat(TWeakLogifyWX.dylib)[91297] <Notice>: \^[[1;36m[TWeakLogifyWX] \^[[m\^[[0;36mTweak.xm:399\^[[m \^[[0;30;46mDEBUG:\^[[m -[<BaseMsgContentViewController: 0x1472c8200> getTipsHeight]
Mar 26 15:42:19 iPhone10-1-1 WeChat(TWeakLogifyWX.dylib)[91297] <Notice>: \^[[1;36m[TWeakLogifyWX] \^[[m\^[[0;36mTweak.xm:398\^[[m \^[[0;30;46mDEBUG:\^[[m -[<BaseMsgContentViewController: 0x1472c8200> getAddFriendTipHeight]
Mar 26 15:42:19 iPhone10-1-1 WeChat(TWeakLogifyWX.dylib)[91297] <Notice>:  = 0.000000
Mar 26 15:42:19 iPhone10-1-1 WeChat(TWeakLogifyWX.dylib)[91297] <Notice>: \^[[1;36m[TWeakLogifyWX] \^[[m\^[[0;36mTweak.xm:397\^[[m \^[[0;30;46mDEBUG:\^[[m -[<BaseMsgContentViewController: 0x1472c8200> getSecurityBannerTipHeight]
Mar 26 15:42:19 iPhone10-1-1 WeChat(TWeakLogifyWX.dylib)[91297] <Notice>:  = 0.000000
Mar 26 15:42:19 iPhone10-1-1 WeChat(TWeakLogifyWX.dylib)[91297] <Notice>:  = 0.000000
Mar 26 15:42:19 iPhone10-1-1 WeChat(TWeakLogifyWX.dylib)[91297] <Notice>:  = 264.000000
Mar 26 15:42:19 iPhone10-1-1 WeChat(TWeakLogifyWX.dylib)[91297] <Notice>: \^[[1;36m[TWeakLogifyWX] \^[[m\^[[0;36mTweak.xm:280\^[[m \^[[0;30;46mDEBUG:\^[[m -[<BaseMsgContentViewController: 0x1472c8200> scrollViewDidScroll:<YYTableView: 0x1472b6800; baseClass = UITableView; frame = (0 0; 320 568); clipsToBounds = YES; gestureRecognizers = <NSArray: 0x14915ad90>; layer = <CALayer: 0x14915a340>; contentOffset: {0, 928}; contentSize: {320, 1257}>]
Mar 26 15:42:19 iPhone10-1-1 WeChat(TWeakLogifyWX.dylib)[91297] <Notice>: \^[[1;36m[TWeakLogifyWX] \^[[m\^[[0;36mTweak.xm:157\^[[m \^[[0;30;46mDEBUG:\^[[m -[<BaseMsgContentViewController: 0x1472c8200> getTableViewVisibleHeightWithOrientation:1]
Mar 26 15:42:19 iPhone10-1-1 WeChat(TWeakLogifyWX.dylib)[91297] <Notice>: \^[[1;36m[TWeakLogifyWX] \^[[m\^[[0;36mTweak.xm:302\^[[m \^[[0;30;46mDEBUG:\^[[m -[<BaseMsgContentViewController: 0x1472c8200> getSearchBarHeight]
Mar 26 15:42:19 iPhone10-1-1 WeChat(TWeakLogifyWX.dylib)[91297] <Notice>:  = 0.000000
Mar 26 15:42:19 iPhone10-1-1 WeChat(TWeakLogifyWX.dylib)[91297] <Notice>: \^[[1;36m[TWeakLogifyWX] \^[[m\^[[0;36mTweak.xm:399\^[[m \^[[0;30;46mDEBUG:\^[[m -[<BaseMsgContentViewController: 0x1472c8200> getTipsHeight]
Mar 26 15:42:19 iPhone10-1-1 WeChat(TWeakLogifyWX.dylib)[91297] <Notice>: \^[[1;36m[TWeakLogifyWX] \^[[m\^[[0;36mTweak.xm:398\^[[m \^[[0;30;46mDEBUG:\^[[m -[<BaseMsgContentViewController: 0x1472c8200> getAddFriendTipHeight]
Mar 26 15:42:19 iPhone10-1-1 WeChat(TWeakLogifyWX.dylib)[91297] <Notice>:  = 0.000000
Mar 26 15:42:19 iPhone10-1-1 WeChat(TWeakLogifyWX.dylib)[91297] <Notice>: \^[[1;36m[TWeakLogifyWX] \^[[m\^[[0;36mTweak.xm:397\^[[m \^[[0;30;46mDEBUG:\^[[m -[<BaseMsgContentViewController: 0x1472c8200> getSecurityBannerTipHeight]
Mar 26 15:42:19 iPhone10-1-1 WeChat(TWeakLogifyWX.dylib)[91297] <Notice>:  = 0.000000
Mar 26 15:42:19 iPhone10-1-1 WeChat(TWeakLogifyWX.dylib)[91297] <Notice>:  = 0.000000
Mar 26 15:42:19 iPhone10-1-1 WeChat(TWeakLogifyWX.dylib)[91297] <Notice>:  = 264.000000
Mar 26 15:42:19 iPhone10-1-1 WeChat(TWeakLogifyWX.dylib)[91297] <Notice>: \^[[1;36m[TWeakLogifyWX] \^[[m\^[[0;36mTweak.xm:280\^[[m \^[[0;30;46mDEBUG:\^[[m -[<BaseMsgContentViewController: 0x1472c8200> scrollViewDidScroll:<YYTableView: 0x1472b6800; baseClass = UITableView; frame = (0 0; 320 568); clipsToBounds = YES; gestureRecognizers = <NSArray: 0x14915ad90>; layer = <CALayer: 0x14915a340>; contentOffset: {0, 936.5}; contentSize: {320, 1257}>]
Mar 26 15:42:19 iPhone10-1-1 WeChat(TWeakLogifyWX.dylib)[91297] <Notice>: \^[[1;36m[TWeakLogifyWX] \^[[m\^[[0;36mTweak.xm:157\^[[m \^[[0;30;46mDEBUG:\^[[m -[<BaseMsgContentViewController: 0x1472c8200> getTableViewVisibleHeightWithOrientation:1]
Mar 26 15:42:19 iPhone10-1-1 WeChat(TWeakLogifyWX.dylib)[91297] <Notice>: \^[[1;36m[TWeakLogifyWX] \^[[m\^[[0;36mTweak.xm:302\^[[m \^[[0;30;46mDEBUG:\^[[m -[<BaseMsgContentViewController: 0x1472c8200> getSearchBarHeight]
Mar 26 15:42:19 iPhone10-1-1 WeChat(TWeakLogifyWX.dylib)[91297] <Notice>:  = 0.000000
Mar 26 15:42:19 iPhone10-1-1 WeChat(TWeakLogifyWX.dylib)[91297] <Notice>: \^[[1;36m[TWeakLogifyWX] \^[[m\^[[0;36mTweak.xm:399\^[[m \^[[0;30;46mDEBUG:\^[[m -[<BaseMsgContentViewController: 0x1472c8200> getTipsHeight]
Mar 26 15:42:19 iPhone10-1-1 WeChat(TWeakLogifyWX.dylib)[91297] <Notice>: \^[[1;36m[TWeakLogifyWX] \^[[m\^[[0;36mTweak.xm:398\^[[m \^[[0;30;46mDEBUG:\^[[m -[<BaseMsgContentViewController: 0x1472c8200> getAddFriendTipHeight]
Mar 26 15:42:19 iPhone10-1-1 WeChat(TWeakLogifyWX.dylib)[91297] <Notice>:  = 0.000000
Mar 26 15:42:19 iPhone10-1-1 WeChat(TWeakLogifyWX.dylib)[91297] <Notice>: \^[[1;36m[TWeakLogifyWX] \^[[m\^[[0;36mTweak.xm:397\^[[m \^[[0;30;46mDEBUG:\^[[m -[<BaseMsgContentViewController: 0x1472c8200> getSecurityBannerTipHeight]
Mar 26 15:42:19 iPhone10-1-1 WeChat(TWeakLogifyWX.dylib)[91297] <Notice>:  = 0.000000
Mar 26 15:42:19 iPhone10-1-1 WeChat(TWeakLogifyWX.dylib)[91297] <Notice>:  = 0.000000
Mar 26 15:42:19 iPhone10-1-1 WeChat(TWeakLogifyWX.dylib)[91297] <Notice>:  = 264.000000
Mar 26 15:42:19 iPhone10-1-1 WeChat(TWeakLogifyWX.dylib)[91297] <Notice>: \^[[1;36m[TWeakLogifyWX] \^[[m\^[[0;36mTweak.xm:187\^[[m \^[[0;30;46mDEBUG:\^[[m -[<BaseMsgContentViewController: 0x1472c8200> isUseDefaultChatBkgImage]
Mar 26 15:42:19 iPhone10-1-1 WeChat(TWeakLogifyWX.dylib)[91297] <Notice>: \^[[1;36m[TWeakLogifyWX] \^[[m\^[[0;36mTweak.xm:196\^[[m \^[[0;30;46mDEBUG:\^[[m -[<BaseMsgContentViewController: 0x1472c8200> GetContact]
Mar 26 15:42:19 iPhone10-1-1 WeChat(TWeakLogifyWX.dylib)[91297] <Notice>:  = {m_nsUsrName=4508235412@chatroom, m_nsEncodeUserName=, alias=, m_nsNickName=db\M-g\M->\M-$\M-h\M^A\M^J, m_uiType=3, m_uiConType=0, m_nsRemark=,  m_nsCountry= m_nsProvince= m_nsCity= m_nsSignature= 	 m_uiSex=0 m_uiCerFlag=0 m_nsCer=(null) scene=0 }
Mar 26 15:42:19 iPhone10-1-1 WeChat(TWeakLogifyWX.dylib)[91297] <Notice>: \^[[1;36m[TWeakLogifyWX] \^[[m\^[[0;36mTweak.xm:196\^[[m \^[[0;30;46mDEBUG:\^[[m -[<BaseMsgContentViewController: 0x1472c8200> GetContact]
Mar 26 15:42:19 iPhone10-1-1 WeChat(TWeakLogifyWX.dylib)[91297] <Notice>:  = {m_nsUsrName=4508235412@chatroom, m_nsEncodeUserName=, alias=, m_nsNickName=db\M-g\M->\M-$\M-h\M^A\M^J, m_uiType=3, m_uiConType=0, m_nsRemark=,  m_nsCountry= m_nsProvince= m_nsCity= m_nsSignature= 	 m_uiSex=0 m_uiCerFlag=0 m_nsCer=(null) scene=0 }
Mar 26 15:42:19 iPhone10-1-1 WeChat(TWeakLogifyWX.dylib)[91297] <Notice>:  = 1
Mar 26 15:42:19 iPhone10-1-1 WeChat(TWeakLogifyWX.dylib)[91297] <Notice>: \^[[1;36m[TWeakLogifyWX] \^[[m\^[[0;36mTweak.xm:280\^[[m \^[[0;30;46mDEBUG:\^[[m -[<BaseMsgContentViewController: 0x1472c8200> scrollViewDidScroll:<YYTableView: 0x1472b6800; baseClass = UITableView; frame = (0 0; 320 568); clipsToBounds = YES; gestureRecognizers = <NSArray: 0x14915ad90>; layer = <CALayer: 0x14915a340>; contentOffset: {0, 945.5}; contentSize: {320, 1257}>]
Mar 26 15:42:19 iPhone10-1-1 WeChat(TWeakLogifyWX.dylib)[91297] <Notice>: \^[[1;36m[TWeakLogifyWX] \^[[m\^[[0;36mTweak.xm:157\^[[m \^[[0;30;46mDEBUG:\^[[m -[<BaseMsgContentViewController: 0x1472c8200> getTableViewVisibleHeightWithOrientation:1]
Mar 26 15:42:19 iPhone10-1-1 WeChat(TWeakLogifyWX.dylib)[91297] <Notice>: \^[[1;36m[TWeakLogifyWX] \^[[m\^[[0;36mTweak.xm:302\^[[m \^[[0;30;46mDEBUG:\^[[m -[<BaseMsgContentViewController: 0x1472c8200> getSearchBarHeight]
Mar 26 15:42:19 iPhone10-1-1 WeChat(TWeakLogifyWX.dylib)[91297] <Notice>:  = 0.000000
Mar 26 15:42:19 iPhone10-1-1 WeChat(TWeakLogifyWX.dylib)[91297] <Notice>: \^[[1;36m[TWeakLogifyWX] \^[[m\^[[0;36mTweak.xm:399\^[[m \^[[0;30;46mDEBUG:\^[[m -[<BaseMsgContentViewController: 0x1472c8200> getTipsHeight]
Mar 26 15:42:19 iPhone10-1-1 WeChat(TWeakLogifyWX.dylib)[91297] <Notice>: \^[[1;36m[TWeakLogifyWX] \^[[m\^[[0;36mTweak.xm:398\^[[m \^[[0;30;46mDEBUG:\^[[m -[<BaseMsgContentViewController: 0x1472c8200> getAddFriendTipHeight]
Mar 26 15:42:19 iPhone10-1-1 WeChat(TWeakLogifyWX.dylib)[91297] <Notice>:  = 0.000000
Mar 26 15:42:19 iPhone10-1-1 WeChat(TWeakLogifyWX.dylib)[91297] <Notice>: \^[[1;36m[TWeakLogifyWX] \^[[m\^[[0;36mTweak.xm:397\^[[m \^[[0;30;46mDEBUG:\^[[m -[<BaseMsgContentViewController: 0x1472c8200> getSecurityBannerTipHeight]
Mar 26 15:42:19 iPhone10-1-1 WeChat(TWeakLogifyWX.dylib)[91297] <Notice>:  = 0.000000
Mar 26 15:42:19 iPhone10-1-1 WeChat(TWeakLogifyWX.dylib)[91297] <Notice>:  = 0.000000
Mar 26 15:42:19 iPhone10-1-1 WeChat(TWeakLogifyWX.dylib)[91297] <Notice>:  = 264.000000
Mar 26 15:42:19 iPhone10-1-1 WeChat(TWeakLogifyWX.dylib)[91297] <Notice>: \^[[1;36m[TWeakLogifyWX] \^[[m\^[[0;36mTweak.xm:280\^[[m \^[[0;30;46mDEBUG:\^[[m -[<BaseMsgContentViewController: 0x1472c8200> scrollViewDidScroll:<YYTableView: 0x1472b6800; baseClass = UITableView; frame = (0 0; 320 568); clipsToBounds = YES; gestureRecognizers = <NSArray: 0x14915ad90>; layer = <CALayer: 0x14915a340>; contentOffset: {0, 954}; contentSize: {320, 1257}>]
Mar 26 15:42:19 iPhone10-1-1 WeChat(TWeakLogifyWX.dylib)[91297] <Notice>: \^[[1;36m[TWeakLogifyWX] \^[[m\^[[0;36mTweak.xm:157\^[[m \^[[0;30;46mDEBUG:\^[[m -[<BaseMsgContentViewController: 0x1472c8200> getTableViewVisibleHeightWithOrientation:1]
Mar 26 15:42:19 iPhone10-1-1 WeChat(TWeakLogifyWX.dylib)[91297] <Notice>: \^[[1;36m[TWeakLogifyWX] \^[[m\^[[0;36mTweak.xm:302\^[[m \^[[0;30;46mDEBUG:\^[[m -[<BaseMsgContentViewController: 0x1472c8200> getSearchBarHeight]
Mar 26 15:42:19 iPhone10-1-1 WeChat(TWeakLogifyWX.dylib)[91297] <Notice>:  = 0.000000
Mar 26 15:42:19 iPhone10-1-1 WeChat(TWeakLogifyWX.dylib)[91297] <Notice>: \^[[1;36m[TWeakLogifyWX] \^[[m\^[[0;36mTweak.xm:399\^[[m \^[[0;30;46mDEBUG:\^[[m -[<BaseMsgContentViewController: 0x1472c8200> getTipsHeight]
Mar 26 15:42:19 iPhone10-1-1 WeChat(TWeakLogifyWX.dylib)[91297] <Notice>: \^[[1;36m[TWeakLogifyWX] \^[[m\^[[0;36mTweak.xm:398\^[[m \^[[0;30;46mDEBUG:\^[[m -[<BaseMsgContentViewController: 0x1472c8200> getAddFriendTipHeight]
Mar 26 15:42:19 iPhone10-1-1 WeChat(TWeakLogifyWX.dylib)[91297] <Notice>:  = 0.000000
Mar 26 15:42:19 iPhone10-1-1 WeChat(TWeakLogifyWX.dylib)[91297] <Notice>: \^[[1;36m[TWeakLogifyWX] \^[[m\^[[0;36mTweak.xm:397\^[[m \^[[0;30;46mDEBUG:\^[[m -[<BaseMsgContentViewController: 0x1472c8200> getSecurityBannerTipHeight]
Mar 26 15:42:19 iPhone10-1-1 WeChat(TWeakLogifyWX.dylib)[91297] <Notice>:  = 0.000000
Mar 26 15:42:19 iPhone10-1-1 WeChat(TWeakLogifyWX.dylib)[91297] <Notice>:  = 0.000000
Mar 26 15:42:19 iPhone10-1-1 WeChat(TWeakLogifyWX.dylib)[91297] <Notice>:  = 264.000000
Mar 26 15:42:19 iPhone10-1-1 WeChat(TWeakLogifyWX.dylib)[91297] <Notice>: \^[[1;36m[TWeakLogifyWX] \^[[m\^[[0;36mTweak.xm:280\^[[m \^[[0;30;46mDEBUG:\^[[m -[<BaseMsgContentViewController: 0x1472c8200> scrollViewDidScroll:<YYTableView: 0x1472b6800; baseClass = UITableView; frame = (0 0; 320 568); clipsToBounds = YES; gestureRecognizers = <NSArray: 0x14915ad90>; layer = <CALayer: 0x14915a340>; contentOffset: {0, 962.5}; contentSize: {320, 1257}>]
Mar 26 15:42:19 iPhone10-1-1 WeChat(TWeakLogifyWX.dylib)[91297] <Notice>: \^[[1;36m[TWeakLogifyWX] \^[[m\^[[0;36mTweak.xm:157\^[[m \^[[0;30;46mDEBUG:\^[[m -[<BaseMsgContentViewController: 0x1472c8200> getTableViewVisibleHeightWithOrientation:1]
Mar 26 15:42:19 iPhone10-1-1 WeChat(TWeakLogifyWX.dylib)[91297] <Notice>: \^[[1;36m[TWeakLogifyWX] \^[[m\^[[0;36mTweak.xm:302\^[[m \^[[0;30;46mDEBUG:\^[[m -[<BaseMsgContentViewController: 0x1472c8200> getSearchBarHeight]
Mar 26 15:42:19 iPhone10-1-1 WeChat(TWeakLogifyWX.dylib)[91297] <Notice>:  = 0.000000
Mar 26 15:42:19 iPhone10-1-1 WeChat(TWeakLogifyWX.dylib)[91297] <Notice>: \^[[1;36m[TWeakLogifyWX] \^[[m\^[[0;36mTweak.xm:399\^[[m \^[[0;30;46mDEBUG:\^[[m -[<BaseMsgContentViewController: 0x1472c8200> getTipsHeight]
Mar 26 15:42:19 iPhone10-1-1 WeChat(TWeakLogifyWX.dylib)[91297] <Notice>: \^[[1;36m[TWeakLogifyWX] \^[[m\^[[0;36mTweak.xm:398\^[[m \^[[0;30;46mDEBUG:\^[[m -[<BaseMsgContentViewController: 0x1472c8200> getAddFriendTipHeight]
Mar 26 15:42:19 iPhone10-1-1 WeChat(TWeakLogifyWX.dylib)[91297] <Notice>:  = 0.000000
Mar 26 15:42:19 iPhone10-1-1 WeChat(TWeakLogifyWX.dylib)[91297] <Notice>: \^[[1;36m[TWeakLogifyWX] \^[[m\^[[0;36mTweak.xm:397\^[[m \^[[0;30;46mDEBUG:\^[[m -[<BaseMsgContentViewController: 0x1472c8200> getSecurityBannerTipHeight]
Mar 26 15:42:19 iPhone10-1-1 WeChat(TWeakLogifyWX.dylib)[91297] <Notice>:  = 0.000000
Mar 26 15:42:19 iPhone10-1-1 WeChat(TWeakLogifyWX.dylib)[91297] <Notice>:  = 0.000000
Mar 26 15:42:19 iPhone10-1-1 WeChat(TWeakLogifyWX.dylib)[91297] <Notice>:  = 264.000000
Mar 26 15:42:19 iPhone10-1-1 WeChat(TWeakLogifyWX.dylib)[91297] <Notice>: \^[[1;36m[TWeakLogifyWX] \^[[m\^[[0;36mTweak.xm:280\^[[m \^[[0;30;46mDEBUG:\^[[m -[<BaseMsgContentViewController: 0x1472c8200> scrollViewDidScroll:<YYTableView: 0x1472b6800; baseClass = UITableView; frame = (0 0; 320 568); clipsToBounds = YES; gestureRecognizers = <NSArray: 0x14915ad90>; layer = <CALayer: 0x14915a340>; contentOffset: {0, 970}; contentSize: {320, 1257}>]
Mar 26 15:42:19 iPhone10-1-1 WeChat(TWeakLogifyWX.dylib)[91297] <Notice>: \^[[1;36m[TWeakLogifyWX] \^[[m\^[[0;36mTweak.xm:157\^[[m \^[[0;30;46mDEBUG:\^[[m -[<BaseMsgContentViewController: 0x1472c8200> getTableViewVisibleHeightWithOrientation:1]
Mar 26 15:42:19 iPhone10-1-1 WeChat(TWeakLogifyWX.dylib)[91297] <Notice>: \^[[1;36m[TWeakLogifyWX] \^[[m\^[[0;36mTweak.xm:302\^[[m \^[[0;30;46mDEBUG:\^[[m -[<BaseMsgContentViewController: 0x1472c8200> getSearchBarHeight]
Mar 26 15:42:19 iPhone10-1-1 WeChat(TWeakLogifyWX.dylib)[91297] <Notice>:  = 0.000000
Mar 26 15:42:19 iPhone10-1-1 WeChat(TWeakLogifyWX.dylib)[91297] <Notice>: \^[[1;36m[TWeakLogifyWX] \^[[m\^[[0;36mTweak.xm:399\^[[m \^[[0;30;46mDEBUG:\^[[m -[<BaseMsgContentViewController: 0x1472c8200> getTipsHeight]
Mar 26 15:42:19 iPhone10-1-1 WeChat(TWeakLogifyWX.dylib)[91297] <Notice>: \^[[1;36m[TWeakLogifyWX] \^[[m\^[[0;36mTweak.xm:398\^[[m \^[[0;30;46mDEBUG:\^[[m -[<BaseMsgContentViewController: 0x1472c8200> getAddFriendTipHeight]
Mar 26 15:42:19 iPhone10-1-1 WeChat(TWeakLogifyWX.dylib)[91297] <Notice>:  = 0.000000
Mar 26 15:42:19 iPhone10-1-1 WeChat(TWeakLogifyWX.dylib)[91297] <Notice>: \^[[1;36m[TWeakLogifyWX] \^[[m\^[[0;36mTweak.xm:397\^[[m \^[[0;30;46mDEBUG:\^[[m -[<BaseMsgContentViewController: 0x1472c8200> getSecurityBannerTipHeight]
Mar 26 15:42:19 iPhone10-1-1 WeChat(TWeakLogifyWX.dylib)[91297] <Notice>:  = 0.000000
Mar 26 15:42:19 iPhone10-1-1 WeChat(TWeakLogifyWX.dylib)[91297] <Notice>:  = 0.000000
Mar 26 15:42:19 iPhone10-1-1 WeChat(TWeakLogifyWX.dylib)[91297] <Notice>:  = 264.000000
Mar 26 15:42:19 iPhone10-1-1 WeChat(TWeakLogifyWX.dylib)[91297] <Notice>: \^[[1;36m[TWeakLogifyWX] \^[[m\^[[0;36mTweak.xm:280\^[[m \^[[0;30;46mDEBUG:\^[[m -[<BaseMsgContentViewController: 0x1472c8200> scrollViewDidScroll:<YYTableView: 0x1472b6800; baseClass = UITableView; frame = (0 0; 320 568); clipsToBounds = YES; gestureRecognizers = <NSArray: 0x14915ad90>; layer = <CALayer: 0x14915a340>; contentOffset: {0, 977}; contentSize: {320, 1257}>]
Mar 26 15:42:19 iPhone10-1-1 WeChat(TWeakLogifyWX.dylib)[91297] <Notice>: \^[[1;36m[TWeakLogifyWX] \^[[m\^[[0;36mTweak.xm:157\^[[m \^[[0;30;46mDEBUG:\^[[m -[<BaseMsgContentViewController: 0x1472c8200> getTableViewVisibleHeightWithOrientation:1]
Mar 26 15:42:19 iPhone10-1-1 WeChat(TWeakLogifyWX.dylib)[91297] <Notice>: \^[[1;36m[TWeakLogifyWX] \^[[m\^[[0;36mTweak.xm:302\^[[m \^[[0;30;46mDEBUG:\^[[m -[<BaseMsgContentViewController: 0x1472c8200> getSearchBarHeight]
Mar 26 15:42:19 iPhone10-1-1 WeChat(TWeakLogifyWX.dylib)[91297] <Notice>:  = 0.000000
Mar 26 15:42:19 iPhone10-1-1 WeChat(TWeakLogifyWX.dylib)[91297] <Notice>: \^[[1;36m[TWeakLogifyWX] \^[[m\^[[0;36mTweak.xm:399\^[[m \^[[0;30;46mDEBUG:\^[[m -[<BaseMsgContentViewController: 0x1472c8200> getTipsHeight]
Mar 26 15:42:19 iPhone10-1-1 WeChat(TWeakLogifyWX.dylib)[91297] <Notice>: \^[[1;36m[TWeakLogifyWX] \^[[m\^[[0;36mTweak.xm:398\^[[m \^[[0;30;46mDEBUG:\^[[m -[<BaseMsgContentViewController: 0x1472c8200> getAddFriendTipHeight]
Mar 26 15:42:19 iPhone10-1-1 WeChat(TWeakLogifyWX.dylib)[91297] <Notice>:  = 0.000000
Mar 26 15:42:19 iPhone10-1-1 WeChat(TWeakLogifyWX.dylib)[91297] <Notice>: \^[[1;36m[TWeakLogifyWX] \^[[m\^[[0;36mTweak.xm:397\^[[m \^[[0;30;46mDEBUG:\^[[m -[<BaseMsgContentViewController: 0x1472c8200> getSecurityBannerTipHeight]
Mar 26 15:42:19 iPhone10-1-1 WeChat(TWeakLogifyWX.dylib)[91297] <Notice>:  = 0.000000
Mar 26 15:42:19 iPhone10-1-1 WeChat(TWeakLogifyWX.dylib)[91297] <Notice>:  = 0.000000
Mar 26 15:42:19 iPhone10-1-1 WeChat(TWeakLogifyWX.dylib)[91297] <Notice>:  = 264.000000
Mar 26 15:42:19 iPhone10-1-1 WeChat(TWeakLogifyWX.dylib)[91297] <Notice>: \^[[1;36m[TWeakLogifyWX] \^[[m\^[[0;36mTweak.xm:280\^[[m \^[[0;30;46mDEBUG:\^[[m -[<BaseMsgContentViewController: 0x1472c8200> scrollViewDidScroll:<YYTableView: 0x1472b6800; baseClass = UITableView; frame = (0 0; 320 568); clipsToBounds = YES; gestureRecognizers = <NSArray: 0x14915ad90>; layer = <CALayer: 0x14915a340>; contentOffset: {0, 983}; contentSize: {320, 1257}>]
Mar 26 15:42:19 iPhone10-1-1 WeChat(TWeakLogifyWX.dylib)[91297] <Notice>: \^[[1;36m[TWeakLogifyWX] \^[[m\^[[0;36mTweak.xm:157\^[[m \^[[0;30;46mDEBUG:\^[[m -[<BaseMsgContentViewController: 0x1472c8200> getTableViewVisibleHeightWithOrientation:1]
Mar 26 15:42:19 iPhone10-1-1 WeChat(TWeakLogifyWX.dylib)[91297] <Notice>: \^[[1;36m[TWeakLogifyWX] \^[[m\^[[0;36mTweak.xm:302\^[[m \^[[0;30;46mDEBUG:\^[[m -[<BaseMsgContentViewController: 0x1472c8200> getSearchBarHeight]
Mar 26 15:42:19 iPhone10-1-1 WeChat(TWeakLogifyWX.dylib)[91297] <Notice>:  = 0.000000
Mar 26 15:42:19 iPhone10-1-1 WeChat(TWeakLogifyWX.dylib)[91297] <Notice>: \^[[1;36m[TWeakLogifyWX] \^[[m\^[[0;36mTweak.xm:399\^[[m \^[[0;30;46mDEBUG:\^[[m -[<BaseMsgContentViewController: 0x1472c8200> getTipsHeight]
Mar 26 15:42:19 iPhone10-1-1 WeChat(TWeakLogifyWX.dylib)[91297] <Notice>: \^[[1;36m[TWeakLogifyWX] \^[[m\^[[0;36mTweak.xm:398\^[[m \^[[0;30;46mDEBUG:\^[[m -[<BaseMsgContentViewController: 0x1472c8200> getAddFriendTipHeight]
Mar 26 15:42:19 iPhone10-1-1 WeChat(TWeakLogifyWX.dylib)[91297] <Notice>:  = 0.000000
Mar 26 15:42:19 iPhone10-1-1 WeChat(TWeakLogifyWX.dylib)[91297] <Notice>: \^[[1;36m[TWeakLogifyWX] \^[[m\^[[0;36mTweak.xm:397\^[[m \^[[0;30;46mDEBUG:\^[[m -[<BaseMsgContentViewController: 0x1472c8200> getSecurityBannerTipHeight]
Mar 26 15:42:19 iPhone10-1-1 WeChat(TWeakLogifyWX.dylib)[91297] <Notice>:  = 0.000000
Mar 26 15:42:19 iPhone10-1-1 WeChat(TWeakLogifyWX.dylib)[91297] <Notice>:  = 0.000000
Mar 26 15:42:19 iPhone10-1-1 WeChat(TWeakLogifyWX.dylib)[91297] <Notice>:  = 264.000000
Mar 26 15:42:19 iPhone10-1-1 WeChat(TWeakLogifyWX.dylib)[91297] <Notice>: \^[[1;36m[TWeakLogifyWX] \^[[m\^[[0;36mTweak.xm:280\^[[m \^[[0;30;46mDEBUG:\^[[m -[<BaseMsgContentViewController: 0x1472c8200> scrollViewDidScroll:<YYTableView: 0x1472b6800; baseClass = UITableView; frame = (0 0; 320 568); clipsToBounds = YES; gestureRecognizers = <NSArray: 0x14915ad90>; layer = <CALayer: 0x14915a340>; contentOffset: {0, 987.5}; contentSize: {320, 1257}>]
Mar 26 15:42:19 iPhone10-1-1 WeChat(TWeakLogifyWX.dylib)[91297] <Notice>: \^[[1;36m[TWeakLogifyWX] \^[[m\^[[0;36mTweak.xm:157\^[[m \^[[0;30;46mDEBUG:\^[[m -[<BaseMsgContentViewController: 0x1472c8200> getTableViewVisibleHeightWithOrientation:1]
Mar 26 15:42:19 iPhone10-1-1 WeChat(TWeakLogifyWX.dylib)[91297] <Notice>: \^[[1;36m[TWeakLogifyWX] \^[[m\^[[0;36mTweak.xm:302\^[[m \^[[0;30;46mDEBUG:\^[[m -[<BaseMsgContentViewController: 0x1472c8200> getSearchBarHeight]
Mar 26 15:42:19 iPhone10-1-1 WeChat(TWeakLogifyWX.dylib)[91297] <Notice>:  = 0.000000
Mar 26 15:42:19 iPhone10-1-1 WeChat(TWeakLogifyWX.dylib)[91297] <Notice>: \^[[1;36m[TWeakLogifyWX] \^[[m\^[[0;36mTweak.xm:399\^[[m \^[[0;30;46mDEBUG:\^[[m -[<BaseMsgContentViewController: 0x1472c8200> getTipsHeight]
Mar 26 15:42:19 iPhone10-1-1 WeChat(TWeakLogifyWX.dylib)[91297] <Notice>: \^[[1;36m[TWeakLogifyWX] \^[[m\^[[0;36mTweak.xm:398\^[[m \^[[0;30;46mDEBUG:\^[[m -[<BaseMsgContentViewController: 0x1472c8200> getAddFriendTipHeight]
Mar 26 15:42:19 iPhone10-1-1 WeChat(TWeakLogifyWX.dylib)[91297] <Notice>:  = 0.000000
Mar 26 15:42:19 iPhone10-1-1 WeChat(TWeakLogifyWX.dylib)[91297] <Notice>: \^[[1;36m[TWeakLogifyWX] \^[[m\^[[0;36mTweak.xm:397\^[[m \^[[0;30;46mDEBUG:\^[[m -[<BaseMsgContentViewController: 0x1472c8200> getSecurityBannerTipHeight]
Mar 26 15:42:19 iPhone10-1-1 WeChat(TWeakLogifyWX.dylib)[91297] <Notice>:  = 0.000000
Mar 26 15:42:19 iPhone10-1-1 WeChat(TWeakLogifyWX.dylib)[91297] <Notice>:  = 0.000000
Mar 26 15:42:19 iPhone10-1-1 WeChat(TWeakLogifyWX.dylib)[91297] <Notice>:  = 264.000000
Mar 26 15:42:19 iPhone10-1-1 WeChat(TWeakLogifyWX.dylib)[91297] <Notice>: \^[[1;36m[TWeakLogifyWX] \^[[m\^[[0;36mTweak.xm:280\^[[m \^[[0;30;46mDEBUG:\^[[m -[<BaseMsgContentViewController: 0x1472c8200> scrollViewDidScroll:<YYTableView: 0x1472b6800; baseClass = UITableView; frame = (0 0; 320 568); clipsToBounds = YES; gestureRecognizers = <NSArray: 0x14915ad90>; layer = <CALayer: 0x14915a340>; contentOffset: {0, 991}; contentSize: {320, 1257}>]
Mar 26 15:42:19 iPhone10-1-1 WeChat(TWeakLogifyWX.dylib)[91297] <Notice>: \^[[1;36m[TWeakLogifyWX] \^[[m\^[[0;36mTweak.xm:157\^[[m \^[[0;30;46mDEBUG:\^[[m -[<BaseMsgContentViewController: 0x1472c8200> getTableViewVisibleHeightWithOrientation:1]
Mar 26 15:42:19 iPhone10-1-1 WeChat(TWeakLogifyWX.dylib)[91297] <Notice>: \^[[1;36m[TWeakLogifyWX] \^[[m\^[[0;36mTweak.xm:302\^[[m \^[[0;30;46mDEBUG:\^[[m -[<BaseMsgContentViewController: 0x1472c8200> getSearchBarHeight]
Mar 26 15:42:19 iPhone10-1-1 WeChat(TWeakLogifyWX.dylib)[91297] <Notice>:  = 0.000000
Mar 26 15:42:19 iPhone10-1-1 WeChat(TWeakLogifyWX.dylib)[91297] <Notice>: \^[[1;36m[TWeakLogifyWX] \^[[m\^[[0;36mTweak.xm:399\^[[m \^[[0;30;46mDEBUG:\^[[m -[<BaseMsgContentViewController: 0x1472c8200> getTipsHeight]
Mar 26 15:42:19 iPhone10-1-1 WeChat(TWeakLogifyWX.dylib)[91297] <Notice>: \^[[1;36m[TWeakLogifyWX] \^[[m\^[[0;36mTweak.xm:398\^[[m \^[[0;30;46mDEBUG:\^[[m -[<BaseMsgContentViewController: 0x1472c8200> getAddFriendTipHeight]
Mar 26 15:42:19 iPhone10-1-1 WeChat(TWeakLogifyWX.dylib)[91297] <Notice>:  = 0.000000
Mar 26 15:42:19 iPhone10-1-1 WeChat(TWeakLogifyWX.dylib)[91297] <Notice>: \^[[1;36m[TWeakLogifyWX] \^[[m\^[[0;36mTweak.xm:397\^[[m \^[[0;30;46mDEBUG:\^[[m -[<BaseMsgContentViewController: 0x1472c8200> getSecurityBannerTipHeight]
Mar 26 15:42:19 iPhone10-1-1 WeChat(TWeakLogifyWX.dylib)[91297] <Notice>:  = 0.000000
Mar 26 15:42:19 iPhone10-1-1 WeChat(TWeakLogifyWX.dylib)[91297] <Notice>:  = 0.000000
Mar 26 15:42:19 iPhone10-1-1 WeChat(TWeakLogifyWX.dylib)[91297] <Notice>:  = 264.000000
Mar 26 15:42:19 iPhone10-1-1 WeChat(TWeakLogifyWX.dylib)[91297] <Notice>: \^[[1;36m[TWeakLogifyWX] \^[[m\^[[0;36mTweak.xm:8\^[[m \^[[0;30;46mDEBUG:\^[[m -[<BaseMsgContentViewController: 0x1472c8200> richTextCoverView]
Mar 26 15:42:19 iPhone10-1-1 WeChat(TWeakLogifyWX.dylib)[91297] <Notice>:  = (null)
Mar 26 15:42:19 iPhone10-1-1 WeChat(TWeakLogifyWX.dylib)[91297] <Notice>: \^[[1;36m[TWeakLogifyWX] \^[[m\^[[0;36mTweak.xm:280\^[[m \^[[0;30;46mDEBUG:\^[[m -[<BaseMsgContentViewController: 0x1472c8200> scrollViewDidScroll:<YYTableView: 0x1472b6800; baseClass = UITableView; frame = (0 0; 320 568); clipsToBounds = YES; gestureRecognizers = <NSArray: 0x14915ad90>; layer = <CALayer: 0x14915a340>; contentOffset: {0, 992.5}; contentSize: {320, 1257}>]
Mar 26 15:42:19 iPhone10-1-1 WeChat(TWeakLogifyWX.dylib)[91297] <Notice>: \^[[1;36m[TWeakLogifyWX] \^[[m\^[[0;36mTweak.xm:157\^[[m \^[[0;30;46mDEBUG:\^[[m -[<BaseMsgContentViewController: 0x1472c8200> getTableViewVisibleHeightWithOrientation:1]
Mar 26 15:42:19 iPhone10-1-1 WeChat(TWeakLogifyWX.dylib)[91297] <Notice>: \^[[1;36m[TWeakLogifyWX] \^[[m\^[[0;36mTweak.xm:302\^[[m \^[[0;30;46mDEBUG:\^[[m -[<BaseMsgContentViewController: 0x1472c8200> getSearchBarHeight]
Mar 26 15:42:19 iPhone10-1-1 WeChat(TWeakLogifyWX.dylib)[91297] <Notice>:  = 0.000000
Mar 26 15:42:19 iPhone10-1-1 WeChat(TWeakLogifyWX.dylib)[91297] <Notice>: \^[[1;36m[TWeakLogifyWX] \^[[m\^[[0;36mTweak.xm:399\^[[m \^[[0;30;46mDEBUG:\^[[m -[<BaseMsgContentViewController: 0x1472c8200> getTipsHeight]
Mar 26 15:42:19 iPhone10-1-1 WeChat(TWeakLogifyWX.dylib)[91297] <Notice>: \^[[1;36m[TWeakLogifyWX] \^[[m\^[[0;36mTweak.xm:398\^[[m \^[[0;30;46mDEBUG:\^[[m -[<BaseMsgContentViewController: 0x1472c8200> getAddFriendTipHeight]
Mar 26 15:42:19 iPhone10-1-1 WeChat(TWeakLogifyWX.dylib)[91297] <Notice>:  = 0.000000
Mar 26 15:42:19 iPhone10-1-1 WeChat(TWeakLogifyWX.dylib)[91297] <Notice>: \^[[1;36m[TWeakLogifyWX] \^[[m\^[[0;36mTweak.xm:397\^[[m \^[[0;30;46mDEBUG:\^[[m -[<BaseMsgContentViewController: 0x1472c8200> getSecurityBannerTipHeight]
Mar 26 15:42:19 iPhone10-1-1 WeChat(TWeakLogifyWX.dylib)[91297] <Notice>:  = 0.000000
Mar 26 15:42:19 iPhone10-1-1 WeChat(TWeakLogifyWX.dylib)[91297] <Notice>:  = 0.000000
Mar 26 15:42:19 iPhone10-1-1 WeChat(TWeakLogifyWX.dylib)[91297] <Notice>:  = 264.000000
Mar 26 15:42:19 iPhone10-1-1 WeChat(TWeakLogifyWX.dylib)[91297] <Notice>: \^[[1;36m[TWeakLogifyWX] \^[[m\^[[0;36mTweak.xm:280\^[[m \^[[0;30;46mDEBUG:\^[[m -[<BaseMsgContentViewController: 0x1472c8200> scrollViewDidScroll:<YYTableView: 0x1472b6800; baseClass = UITableView; frame = (0 0; 320 568); clipsToBounds = YES; gestureRecognizers = <NSArray: 0x14915ad90>; layer = <CALayer: 0x14915a340>; contentOffset: {0, 993}; contentSize: {320, 1257}>]
Mar 26 15:42:19 iPhone10-1-1 WeChat(TWeakLogifyWX.dylib)[91297] <Notice>: \^[[1;36m[TWeakLogifyWX] \^[[m\^[[0;36mTweak.xm:157\^[[m \^[[0;30;46mDEBUG:\^[[m -[<BaseMsgContentViewController: 0x1472c8200> getTableViewVisibleHeightWithOrientation:1]
Mar 26 15:42:19 iPhone10-1-1 WeChat(TWeakLogifyWX.dylib)[91297] <Notice>: \^[[1;36m[TWeakLogifyWX] \^[[m\^[[0;36mTweak.xm:302\^[[m \^[[0;30;46mDEBUG:\^[[m -[<BaseMsgContentViewController: 0x1472c8200> getSearchBarHeight]
Mar 26 15:42:19 iPhone10-1-1 WeChat(TWeakLogifyWX.dylib)[91297] <Notice>:  = 0.000000
Mar 26 15:42:19 iPhone10-1-1 WeChat(TWeakLogifyWX.dylib)[91297] <Notice>: \^[[1;36m[TWeakLogifyWX] \^[[m\^[[0;36mTweak.xm:399\^[[m \^[[0;30;46mDEBUG:\^[[m -[<BaseMsgContentViewController: 0x1472c8200> getTipsHeight]
Mar 26 15:42:19 iPhone10-1-1 WeChat(TWeakLogifyWX.dylib)[91297] <Notice>: \^[[1;36m[TWeakLogifyWX] \^[[m\^[[0;36mTweak.xm:398\^[[m \^[[0;30;46mDEBUG:\^[[m -[<BaseMsgContentViewController: 0x1472c8200> getAddFriendTipHeight]
Mar 26 15:42:19 iPhone10-1-1 WeChat(TWeakLogifyWX.dylib)[91297] <Notice>:  = 0.000000
Mar 26 15:42:19 iPhone10-1-1 WeChat(TWeakLogifyWX.dylib)[91297] <Notice>: \^[[1;36m[TWeakLogifyWX] \^[[m\^[[0;36mTweak.xm:397\^[[m \^[[0;30;46mDEBUG:\^[[m -[<BaseMsgContentViewController: 0x1472c8200> getSecurityBannerTipHeight]
Mar 26 15:42:19 iPhone10-1-1 WeChat(TWeakLogifyWX.dylib)[91297] <Notice>:  = 0.000000
Mar 26 15:42:19 iPhone10-1-1 WeChat(TWeakLogifyWX.dylib)[91297] <Notice>:  = 0.000000
Mar 26 15:42:19 iPhone10-1-1 WeChat(TWeakLogifyWX.dylib)[91297] <Notice>:  = 264.000000
Mar 26 15:42:19 iPhone10-1-1 WeChat(TWeakLogifyWX.dylib)[91297] <Notice>: \^[[1;36m[TWeakLogifyWX] \^[[m\^[[0;36mTweak.xm:281\^[[m \^[[0;30;46mDEBUG:\^[[m -[<BaseMsgContentViewController: 0x1472c8200> scrollViewDidEndScrollingAnimation:<YYTableView: 0x1472b6800; baseClass = UITableView; frame = (0 0; 320 568); clipsToBounds = YES; gestureRecognizers = <NSArray: 0x14915ad90>; layer = <CALayer: 0x14915a340>; contentOffset: {0, 993}; contentSize: {320, 1257}>]
