Mar 26 15:42:43 iPhone10-1-1 WeChat(TWeakLogifyWX.dylib)[91297] <Notice>: \^[[1;36m[TWeakLogifyWX] \^[[m\^[[0;36mTweak.xm:62\^[[m \^[[0;30;46mDEBUG:\^[[m -[<BaseMsgContentViewController: 0x1472c8200> onNewSyncStart]
Mar 26 15:42:43 iPhone10-1-1 WeChat(TWeakLogifyWX.dylib)[91297] <Notice>: \^[[1;36m[TWeakLogifyWX] \^[[m\^[[0;36mTweak.xm:339\^[[m \^[[0;30;46mDEBUG:\^[[m -[<BaseMsgContentViewController: 0x1472c8200> OnMsgRevoked:4508235412@chatroom n64MsgId:6468539132030407510]
Mar 26 15:42:43 iPhone10-1-1 WeChat(TWeakLogifyWX.dylib)[91297] <Notice>: \^[[1;36m[TWeakLogifyWX] \^[[m\^[[0;36mTweak.xm:196\^[[m \^[[0;30;46mDEBUG:\^[[m -[<BaseMsgContentViewController: 0x1472c8200> GetContact]
Mar 26 15:42:43 iPhone10-1-1 WeChat(TWeakLogifyWX.dylib)[91297] <Notice>:  = {m_nsUsrName=4508235412@chatroom, m_nsEncodeUserName=, alias=, m_nsNickName=db\M-g\M->\M-$\M-h\M^A\M^J, m_uiType=3, m_uiConType=0, m_nsRemark=,  m_nsCountry= m_nsProvince= m_nsCity= m_nsSignature= 	 m_uiSex=0 m_uiCerFlag=0 m_nsCer=(null) scene=0 }
Mar 26 15:42:43 iPhone10-1-1 WeChat(TWeakLogifyWX.dylib)[91297] <Notice>: \^[[1;36m[TWeakLogifyWX] \^[[m\^[[0;36mTweak.xm:483\^[[m \^[[0;30;46mDEBUG:\^[[m -[<BaseMsgContentViewController: 0x1472c8200> findNodeDataByLocalId:60]
Mar 26 15:42:43 iPhone10-1-1 WeChat(TWeakLogifyWX.dylib)[91297] <Notice>:  = (null)
Mar 26 15:42:43 iPhone10-1-1 WeChat(TWeakLogifyWX.dylib)[91297] <Notice>: \^[[1;36m[TWeakLogifyWX] \^[[m\^[[0;36mTweak.xm:337\^[[m \^[[0;30;46mDEBUG:\^[[m -[<BaseMsgContentViewController: 0x1472c8200> addMessageNode:{m_uiMesLocalID=60, m_ui64MesSvrID=6468539132030407510, m_nsFromUsr=4508235412@chatroom, m_nsToUsr=wxi*322~19, m_uiStatus=4, type=10000, msgSource="(null)"}  layout:1 addMoreMsg:0]
Mar 26 15:42:43 iPhone10-1-1 WeChat(TWeakLogifyWX.dylib)[91297] <Notice>: \^[[1;36m[TWeakLogifyWX] \^[[m\^[[0;36mTweak.xm:483\^[[m \^[[0;30;46mDEBUG:\^[[m -[<BaseMsgContentViewController: 0x1472c8200> findNodeDataByLocalId:60]
Mar 26 15:42:43 iPhone10-1-1 WeChat(TWeakLogifyWX.dylib)[91297] <Notice>:  = (null)
Mar 26 15:42:43 iPhone10-1-1 WeChat(TWeakLogifyWX.dylib)[91297] <Notice>: \^[[1;36m[TWeakLogifyWX] \^[[m\^[[0;36mTweak.xm:480\^[[m \^[[0;30;46mDEBUG:\^[[m -[<BaseMsgContentViewController: 0x1472c8200> getCurContentSizeHeight]
Mar 26 15:42:43 iPhone10-1-1 WeChat(TWeakLogifyWX.dylib)[91297] <Notice>:  = 1257
Mar 26 15:42:43 iPhone10-1-1 WeChat(TWeakLogifyWX.dylib)[91297] <Notice>: \^[[1;36m[TWeakLogifyWX] \^[[m\^[[0;36mTweak.xm:157\^[[m \^[[0;30;46mDEBUG:\^[[m -[<BaseMsgContentViewController: 0x1472c8200> getTableViewVisibleHeightWithOrientation:1]
Mar 26 15:42:43 iPhone10-1-1 WeChat(TWeakLogifyWX.dylib)[91297] <Notice>: \^[[1;36m[TWeakLogifyWX] \^[[m\^[[0;36mTweak.xm:302\^[[m \^[[0;30;46mDEBUG:\^[[m -[<BaseMsgContentViewController: 0x1472c8200> getSearchBarHeight]
Mar 26 15:42:43 iPhone10-1-1 WeChat(TWeakLogifyWX.dylib)[91297] <Notice>:  = 0.000000
Mar 26 15:42:43 iPhone10-1-1 WeChat(TWeakLogifyWX.dylib)[91297] <Notice>: \^[[1;36m[TWeakLogifyWX] \^[[m\^[[0;36mTweak.xm:399\^[[m \^[[0;30;46mDEBUG:\^[[m -[<BaseMsgContentViewController: 0x1472c8200> getTipsHeight]
Mar 26 15:42:43 iPhone10-1-1 WeChat(TWeakLogifyWX.dylib)[91297] <Notice>: \^[[1;36m[TWeakLogifyWX] \^[[m\^[[0;36mTweak.xm:398\^[[m \^[[0;30;46mDEBUG:\^[[m -[<BaseMsgContentViewController: 0x1472c8200> getAddFriendTipHeight]
Mar 26 15:42:43 iPhone10-1-1 WeChat(TWeakLogifyWX.dylib)[91297] <Notice>:  = 0.000000
Mar 26 15:42:43 iPhone10-1-1 WeChat(TWeakLogifyWX.dylib)[91297] <Notice>: \^[[1;36m[TWeakLogifyWX] \^[[m\^[[0;36mTweak.xm:397\^[[m \^[[0;30;46mDEBUG:\^[[m -[<BaseMsgContentViewController: 0x1472c8200> getSecurityBannerTipHeight]
Mar 26 15:42:43 iPhone10-1-1 WeChat(TWeakLogifyWX.dylib)[91297] <Notice>:  = 0.000000
Mar 26 15:42:43 iPhone10-1-1 WeChat(TWeakLogifyWX.dylib)[91297] <Notice>:  = 0.000000
Mar 26 15:42:43 iPhone10-1-1 WeChat(TWeakLogifyWX.dylib)[91297] <Notice>:  = 264.000000
Mar 26 15:42:43 iPhone10-1-1 WeChat(TWeakLogifyWX.dylib)[91297] <Notice>: \^[[1;36m[TWeakLogifyWX] \^[[m\^[[0;36mTweak.xm:157\^[[m \^[[0;30;46mDEBUG:\^[[m -[<BaseMsgContentViewController: 0x1472c8200> getTableViewVisibleHeightWithOrientation:1]
Mar 26 15:42:43 iPhone10-1-1 WeChat(TWeakLogifyWX.dylib)[91297] <Notice>: \^[[1;36m[TWeakLogifyWX] \^[[m\^[[0;36mTweak.xm:302\^[[m \^[[0;30;46mDEBUG:\^[[m -[<BaseMsgContentViewController: 0x1472c8200> getSearchBarHeight]
Mar 26 15:42:43 iPhone10-1-1 WeChat(TWeakLogifyWX.dylib)[91297] <Notice>:  = 0.000000
Mar 26 15:42:43 iPhone10-1-1 WeChat(TWeakLogifyWX.dylib)[91297] <Notice>: \^[[1;36m[TWeakLogifyWX] \^[[m\^[[0;36mTweak.xm:399\^[[m \^[[0;30;46mDEBUG:\^[[m -[<BaseMsgContentViewController: 0x1472c8200> getTipsHeight]
Mar 26 15:42:43 iPhone10-1-1 WeChat(TWeakLogifyWX.dylib)[91297] <Notice>: \^[[1;36m[TWeakLogifyWX] \^[[m\^[[0;36mTweak.xm:398\^[[m \^[[0;30;46mDEBUG:\^[[m -[<BaseMsgContentViewController: 0x1472c8200> getAddFriendTipHeight]
Mar 26 15:42:43 iPhone10-1-1 WeChat(TWeakLogifyWX.dylib)[91297] <Notice>:  = 0.000000
Mar 26 15:42:43 iPhone10-1-1 WeChat(TWeakLogifyWX.dylib)[91297] <Notice>: \^[[1;36m[TWeakLogifyWX] \^[[m\^[[0;36mTweak.xm:397\^[[m \^[[0;30;46mDEBUG:\^[[m -[<BaseMsgContentViewController: 0x1472c8200> getSecurityBannerTipHeight]
Mar 26 15:42:43 iPhone10-1-1 WeChat(TWeakLogifyWX.dylib)[91297] <Notice>:  = 0.000000
Mar 26 15:42:43 iPhone10-1-1 WeChat(TWeakLogifyWX.dylib)[91297] <Notice>:  = 0.000000
Mar 26 15:42:43 iPhone10-1-1 WeChat(TWeakLogifyWX.dylib)[91297] <Notice>:  = 264.000000
Mar 26 15:42:44 iPhone10-1-1 WeChat(TWeakLogifyWX.dylib)[91297] <Notice>: \^[[1;36m[TWeakLogifyWX] \^[[m\^[[0;36mTweak.xm:343\^[[m \^[[0;30;46mDEBUG:\^[[m -[<BaseMsgContentViewController: 0x1472c8200> isShowHeadImage:{m_uiMesLocalID=60, m_ui64MesSvrID=6468539132030407510, m_nsFromUsr=4508235412@chatroom, m_nsToUsr=wxi*322~19, m_uiStatus=4, type=10000, msgSource="(null)"} ]
Mar 26 15:42:44 iPhone10-1-1 WeChat(TWeakLogifyWX.dylib)[91297] <Notice>:  = 1
Mar 26 15:42:44 iPhone10-1-1 WeChat(TWeakLogifyWX.dylib)[91297] <Notice>: \^[[1;36m[TWeakLogifyWX] \^[[m\^[[0;36mTweak.xm:342\^[[m \^[[0;30;46mDEBUG:\^[[m -[<BaseMsgContentViewController: 0x1472c8200> getMessageChatContactByMessageWrap:{m_uiMesLocalID=60, m_ui64MesSvrID=6468539132030407510, m_nsFromUsr=4508235412@chatroom, m_nsToUsr=wxi*322~19, m_uiStatus=4, type=10000, msgSource="(null)"} ]
Mar 26 15:42:44 iPhone10-1-1 WeChat(TWeakLogifyWX.dylib)[91297] <Notice>:  = {m_nsUsrName=, m_nsEncodeUserName=(null), alias=, m_nsNickName=(null), m_uiType=0, m_uiConType=0, m_nsRemark=(null),  m_nsCountry=(null) m_nsProvince=(null) m_nsCity=(null) m_nsSignature=(null) 	 m_uiSex=0 m_uiCerFlag=0 m_nsCer=(null) scene=0 }
Mar 26 15:42:44 iPhone10-1-1 WeChat(TWeakLogifyWX.dylib)[91297] <Notice>: \^[[1;36m[TWeakLogifyWX] \^[[m\^[[0;36mTweak.xm:480\^[[m \^[[0;30;46mDEBUG:\^[[m -[<BaseMsgContentViewController: 0x1472c8200> getCurContentSizeHeight]
Mar 26 15:42:44 iPhone10-1-1 WeChat(TWeakLogifyWX.dylib)[91297] <Notice>:  = 1293
Mar 26 15:42:44 iPhone10-1-1 WeChat(TWeakLogifyWX.dylib)[91297] <Notice>: \^[[1;36m[TWeakLogifyWX] \^[[m\^[[0;36mTweak.xm:8\^[[m \^[[0;30;46mDEBUG:\^[[m -[<BaseMsgContentViewController: 0x1472c8200> richTextCoverView]
Mar 26 15:42:44 iPhone10-1-1 WeChat(TWeakLogifyWX.dylib)[91297] <Notice>:  = (null)
Mar 26 15:42:44 iPhone10-1-1 WeChat(TWeakLogifyWX.dylib)[91297] <Notice>: \^[[1;36m[TWeakLogifyWX] \^[[m\^[[0;36mTweak.xm:8\^[[m \^[[0;30;46mDEBUG:\^[[m -[<BaseMsgContentViewController: 0x1472c8200> richTextCoverView]
Mar 26 15:42:44 iPhone10-1-1 WeChat(TWeakLogifyWX.dylib)[91297] <Notice>:  = (null)
Mar 26 15:42:44 iPhone10-1-1 WeChat(TWeakLogifyWX.dylib)[91297] <Notice>: \^[[1;36m[TWeakLogifyWX] \^[[m\^[[0;36mTweak.xm:187\^[[m \^[[0;30;46mDEBUG:\^[[m -[<BaseMsgContentViewController: 0x1472c8200> isUseDefaultChatBkgImage]
Mar 26 15:42:44 iPhone10-1-1 WeChat(TWeakLogifyWX.dylib)[91297] <Notice>: \^[[1;36m[TWeakLogifyWX] \^[[m\^[[0;36mTweak.xm:196\^[[m \^[[0;30;46mDEBUG:\^[[m -[<BaseMsgContentViewController: 0x1472c8200> GetContact]
Mar 26 15:42:44 iPhone10-1-1 WeChat(TWeakLogifyWX.dylib)[91297] <Notice>:  = {m_nsUsrName=4508235412@chatroom, m_nsEncodeUserName=, alias=, m_nsNickName=db\M-g\M->\M-$\M-h\M^A\M^J, m_uiType=3, m_uiConType=0, m_nsRemark=,  m_nsCountry= m_nsProvince= m_nsCity= m_nsSignature= 	 m_uiSex=0 m_uiCerFlag=0 m_nsCer=(null) scene=0 }
Mar 26 15:42:44 iPhone10-1-1 WeChat(TWeakLogifyWX.dylib)[91297] <Notice>: \^[[1;36m[TWeakLogifyWX] \^[[m\^[[0;36mTweak.xm:196\^[[m \^[[0;30;46mDEBUG:\^[[m -[<BaseMsgContentViewController: 0x1472c8200> GetContact]
Mar 26 15:42:44 iPhone10-1-1 WeChat(TWeakLogifyWX.dylib)[91297] <Notice>:  = {m_nsUsrName=4508235412@chatroom, m_nsEncodeUserName=, alias=, m_nsNickName=db\M-g\M->\M-$\M-h\M^A\M^J, m_uiType=3, m_uiConType=0, m_nsRemark=,  m_nsCountry= m_nsProvince= m_nsCity= m_nsSignature= 	 m_uiSex=0 m_uiCerFlag=0 m_nsCer=(null) scene=0 }
Mar 26 15:42:44 iPhone10-1-1 WeChat(TWeakLogifyWX.dylib)[91297] <Notice>:  = 1
Mar 26 15:42:44 iPhone10-1-1 WeChat(TWeakLogifyWX.dylib)[91297] <Notice>: \^[[1;36m[TWeakLogifyWX] \^[[m\^[[0;36mTweak.xm:8\^[[m \^[[0;30;46mDEBUG:\^[[m -[<BaseMsgContentViewController: 0x1472c8200> richTextCoverView]
Mar 26 15:42:44 iPhone10-1-1 WeChat(TWeakLogifyWX.dylib)[91297] <Notice>:  = (null)
Mar 26 15:42:44 iPhone10-1-1 WeChat(TWeakLogifyWX.dylib)[91297] <Notice>: \^[[1;36m[TWeakLogifyWX] \^[[m\^[[0;36mTweak.xm:8\^[[m \^[[0;30;46mDEBUG:\^[[m -[<BaseMsgContentViewController: 0x1472c8200> richTextCoverView]
Mar 26 15:42:44 iPhone10-1-1 WeChat(TWeakLogifyWX.dylib)[91297] <Notice>:  = (null)
Mar 26 15:42:44 iPhone10-1-1 WeChat(TWeakLogifyWX.dylib)[91297] <Notice>: \^[[1;36m[TWeakLogifyWX] \^[[m\^[[0;36mTweak.xm:8\^[[m \^[[0;30;46mDEBUG:\^[[m -[<BaseMsgContentViewController: 0x1472c8200> richTextCoverView]
Mar 26 15:42:44 iPhone10-1-1 WeChat(TWeakLogifyWX.dylib)[91297] <Notice>:  = (null)
Mar 26 15:42:44 iPhone10-1-1 WeChat(TWeakLogifyWX.dylib)[91297] <Notice>: \^[[1;36m[TWeakLogifyWX] \^[[m\^[[0;36mTweak.xm:293\^[[m \^[[0;30;46mDEBUG:\^[[m -[<BaseMsgContentViewController: 0x1472c8200> didFinishedLoading:<YYTableView: 0x1472b6800; baseClass = UITableView; frame = (0 0; 320 568); clipsToBounds = YES; gestureRecognizers = <NSArray: 0x14915ad90>; layer = <CALayer: 0x14915a340>; contentOffset: {0, 993}; contentSize: {320, 1293}>]
Mar 26 15:42:44 iPhone10-1-1 WeChat(TWeakLogifyWX.dylib)[91297] <Notice>: \^[[1;36m[TWeakLogifyWX] \^[[m\^[[0;36mTweak.xm:472\^[[m \^[[0;30;46mDEBUG:\^[[m -[<BaseMsgContentViewController: 0x1472c8200> ScrollToBottomAnimated:0]
Mar 26 15:42:44 iPhone10-1-1 WeChat(TWeakLogifyWX.dylib)[91297] <Notice>: \^[[1;36m[TWeakLogifyWX] \^[[m\^[[0;36mTweak.xm:280\^[[m \^[[0;30;46mDEBUG:\^[[m -[<BaseMsgContentViewController: 0x1472c8200> scrollViewDidScroll:<YYTableView: 0x1472b6800; baseClass = UITableView; frame = (0 0; 320 568); clipsToBounds = YES; gestureRecognizers = <NSArray: 0x14915ad90>; layer = <CALayer: 0x14915a340>; contentOffset: {0, 1029}; contentSize: {320, 1293}>]
Mar 26 15:42:44 iPhone10-1-1 WeChat(TWeakLogifyWX.dylib)[91297] <Notice>: \^[[1;36m[TWeakLogifyWX] \^[[m\^[[0;36mTweak.xm:157\^[[m \^[[0;30;46mDEBUG:\^[[m -[<BaseMsgContentViewController: 0x1472c8200> getTableViewVisibleHeightWithOrientation:1]
Mar 26 15:42:44 iPhone10-1-1 WeChat(TWeakLogifyWX.dylib)[91297] <Notice>: \^[[1;36m[TWeakLogifyWX] \^[[m\^[[0;36mTweak.xm:302\^[[m \^[[0;30;46mDEBUG:\^[[m -[<BaseMsgContentViewController: 0x1472c8200> getSearchBarHeight]
Mar 26 15:42:44 iPhone10-1-1 WeChat(TWeakLogifyWX.dylib)[91297] <Notice>:  = 0.000000
Mar 26 15:42:44 iPhone10-1-1 WeChat(TWeakLogifyWX.dylib)[91297] <Notice>: \^[[1;36m[TWeakLogifyWX] \^[[m\^[[0;36mTweak.xm:399\^[[m \^[[0;30;46mDEBUG:\^[[m -[<BaseMsgContentViewController: 0x1472c8200> getTipsHeight]
Mar 26 15:42:44 iPhone10-1-1 WeChat(TWeakLogifyWX.dylib)[91297] <Notice>: \^[[1;36m[TWeakLogifyWX] \^[[m\^[[0;36mTweak.xm:398\^[[m \^[[0;30;46mDEBUG:\^[[m -[<BaseMsgContentViewController: 0x1472c8200> getAddFriendTipHeight]
Mar 26 15:42:44 iPhone10-1-1 WeChat(TWeakLogifyWX.dylib)[91297] <Notice>:  = 0.000000
Mar 26 15:42:44 iPhone10-1-1 WeChat(TWeakLogifyWX.dylib)[91297] <Notice>: \^[[1;36m[TWeakLogifyWX] \^[[m\^[[0;36mTweak.xm:397\^[[m \^[[0;30;46mDEBUG:\^[[m -[<BaseMsgContentViewController: 0x1472c8200> getSecurityBannerTipHeight]
Mar 26 15:42:44 iPhone10-1-1 WeChat(TWeakLogifyWX.dylib)[91297] <Notice>:  = 0.000000
Mar 26 15:42:44 iPhone10-1-1 WeChat(TWeakLogifyWX.dylib)[91297] <Notice>:  = 0.000000
Mar 26 15:42:44 iPhone10-1-1 WeChat(TWeakLogifyWX.dylib)[91297] <Notice>:  = 264.000000
Mar 26 15:42:44 iPhone10-1-1 WeChat(TWeakLogifyWX.dylib)[91297] <Notice>: \^[[1;36m[TWeakLogifyWX] \^[[m\^[[0;36mTweak.xm:61\^[[m \^[[0;30;46mDEBUG:\^[[m -[<BaseMsgContentViewController: 0x1472c8200> onNewSyncFinish]
Mar 26 15:42:44 iPhone10-1-1 WeChat(TWeakLogifyWX.dylib)[91297] <Notice>: \^[[1;36m[TWeakLogifyWX] \^[[m\^[[0;36mTweak.xm:291\^[[m \^[[0;30;46mDEBUG:\^[[m -[<BaseMsgContentViewController: 0x1472c8200> tableView:<YYTableView: 0x1472b6800; baseClass = UITableView; frame = (0 0; 320 568); clipsToBounds = YES; gestureRecognizers = <NSArray: 0x14915ad90>; layer = <CALayer: 0x14915a340>; contentOffset: {0, 1029}; contentSize: {320, 1293}> cellForRowAtIndexPath:<NSIndexPath: 0xc000000000001516> {length = 2, path = 21 - 0}]
Mar 26 15:42:44 iPhone10-1-1 WeChat(TWeakLogifyWX.dylib)[91297] <Notice>: \^[[1;36m[TWeakLogifyWX] \^[[m\^[[0;36mTweak.xm:294\^[[m \^[[0;30;46mDEBUG:\^[[m -[<BaseMsgContentViewController: 0x1472c8200> makeCell:<ChatTableViewCell: 0x1480d6a00; baseClass = UITableViewCell; frame = (0 991; 320 55); hidden = YES; autoresize = W; layer = <CALayer: 0x1490e2fb0>> indexPath:<NSIndexPath: 0xc000000000001516> {length = 2, path = 21 - 0}]
Mar 26 15:42:44 iPhone10-1-1 WeChat(TWeakLogifyWX.dylib)[91297] <Notice>:  = <ChatTableViewCell: 0x1480d6a00; baseClass = UITableViewCell; frame = (0 991; 320 55); hidden = YES; autoresize = W; layer = <CALayer: 0x1490e2fb0>>
Mar 26 15:42:44 iPhone10-1-1 WeChat(TWeakLogifyWX.dylib)[91297] <Notice>: \^[[1;36m[TWeakLogifyWX] \^[[m\^[[0;36mTweak.xm:291\^[[m \^[[0;30;46mDEBUG:\^[[m -[<BaseMsgContentViewController: 0x1472c8200> tableView:<YYTableView: 0x1472b6800; baseClass = UITableView; frame = (0 0; 320 568); clipsToBounds = YES; gestureRecognizers = <NSArray: 0x14915ad90>; layer = <CALayer: 0x14915a340>; contentOffset: {0, 1029}; contentSize: {320, 1293}> cellForRowAtIndexPath:<NSIndexPath: 0xc000000000001616> {length = 2, path = 22 - 0}]
Mar 26 15:42:44 iPhone10-1-1 WeChat(TWeakLogifyWX.dylib)[91297] <Notice>: \^[[1;36m[TWeakLogifyWX] \^[[m\^[[0;36mTweak.xm:294\^[[m \^[[0;30;46mDEBUG:\^[[m -[<BaseMsgContentViewController: 0x1472c8200> makeCell:<ChatTableViewCell: 0x1472be000; baseClass = UITableViewCell; frame = (0 1046; 320 55); hidden = YES; autoresize = W; layer = <CALayer: 0x149450d70>> indexPath:<NSIndexPath: 0xc000000000001616> {length = 2, path = 22 - 0}]
Mar 26 15:42:44 iPhone10-1-1 WeChat(TWeakLogifyWX.dylib)[91297] <Notice>:  = <ChatTableViewCell: 0x1472be000; baseClass = UITableViewCell; frame = (0 1046; 320 55); hidden = YES; autoresize = W; layer = <CALayer: 0x149450d70>>
Mar 26 15:42:44 iPhone10-1-1 WeChat(TWeakLogifyWX.dylib)[91297] <Notice>: \^[[1;36m[TWeakLogifyWX] \^[[m\^[[0;36mTweak.xm:291\^[[m \^[[0;30;46mDEBUG:\^[[m -[<BaseMsgContentViewController: 0x1472c8200> tableView:<YYTableView: 0x1472b6800; baseClass = UITableView; frame = (0 0; 320 568); clipsToBounds = YES; gestureRecognizers = <NSArray: 0x14915ad90>; layer = <CALayer: 0x14915a340>; contentOffset: {0, 1029}; contentSize: {320, 1293}> cellForRowAtIndexPath:<NSIndexPath: 0xc000000000001716> {length = 2, path = 23 - 0}]
Mar 26 15:42:44 iPhone10-1-1 WeChat(TWeakLogifyWX.dylib)[91297] <Notice>: \^[[1;36m[TWeakLogifyWX] \^[[m\^[[0;36mTweak.xm:294\^[[m \^[[0;30;46mDEBUG:\^[[m -[<BaseMsgContentViewController: 0x1472c8200> makeCell:<ChatTableViewCell: 0x1472dda00; baseClass = UITableViewCell; frame = (0 1101; 320 55); hidden = YES; autoresize = W; layer = <CALayer: 0x1491a2810>> indexPath:<NSIndexPath: 0xc000000000001716> {length = 2, path = 23 - 0}]
Mar 26 15:42:44 iPhone10-1-1 WeChat(TWeakLogifyWX.dylib)[91297] <Notice>:  = <ChatTableViewCell: 0x1472dda00; baseClass = UITableViewCell; frame = (0 1101; 320 55); hidden = YES; autoresize = W; layer = <CALayer: 0x1491a2810>>
Mar 26 15:42:44 iPhone10-1-1 WeChat(TWeakLogifyWX.dylib)[91297] <Notice>: \^[[1;36m[TWeakLogifyWX] \^[[m\^[[0;36mTweak.xm:291\^[[m \^[[0;30;46mDEBUG:\^[[m -[<BaseMsgContentViewController: 0x1472c8200> tableView:<YYTableView: 0x1472b6800; baseClass = UITableView; frame = (0 0; 320 568); clipsToBounds = YES; gestureRecognizers = <NSArray: 0x14915ad90>; layer = <CALayer: 0x14915a340>; contentOffset: {0, 1029}; contentSize: {320, 1293}> cellForRowAtIndexPath:<NSIndexPath: 0xc000000000001816> {length = 2, path = 24 - 0}]
Mar 26 15:42:44 iPhone10-1-1 WeChat(TWeakLogifyWX.dylib)[91297] <Notice>: \^[[1;36m[TWeakLogifyWX] \^[[m\^[[0;36mTweak.xm:294\^[[m \^[[0;30;46mDEBUG:\^[[m -[<BaseMsgContentViewController: 0x1472c8200> makeCell:<ChatTableViewCell: 0x147302400; baseClass = UITableViewCell; frame = (0 1156; 320 46); hidden = YES; autoresize = W; layer = <CALayer: 0x1491a7bc0>> indexPath:<NSIndexPath: 0xc000000000001816> {length = 2, path = 24 - 0}]
Mar 26 15:42:44 iPhone10-1-1 WeChat(TWeakLogifyWX.dylib)[91297] <Notice>:  = <ChatTableViewCell: 0x147302400; baseClass = UITableViewCell; frame = (0 1156; 320 46); hidden = YES; autoresize = W; layer = <CALayer: 0x1491a7bc0>>
Mar 26 15:42:44 iPhone10-1-1 WeChat(TWeakLogifyWX.dylib)[91297] <Notice>: \^[[1;36m[TWeakLogifyWX] \^[[m\^[[0;36mTweak.xm:187\^[[m \^[[0;30;46mDEBUG:\^[[m -[<BaseMsgContentViewController: 0x1472c8200> isUseDefaultChatBkgImage]
Mar 26 15:42:44 iPhone10-1-1 WeChat(TWeakLogifyWX.dylib)[91297] <Notice>: \^[[1;36m[TWeakLogifyWX] \^[[m\^[[0;36mTweak.xm:196\^[[m \^[[0;30;46mDEBUG:\^[[m -[<BaseMsgContentViewController: 0x1472c8200> GetContact]
Mar 26 15:42:44 iPhone10-1-1 WeChat(TWeakLogifyWX.dylib)[91297] <Notice>:  = {m_nsUsrName=4508235412@chatroom, m_nsEncodeUserName=, alias=, m_nsNickName=db\M-g\M->\M-$\M-h\M^A\M^J, m_uiType=3, m_uiConType=0, m_nsRemark=,  m_nsCountry= m_nsProvince= m_nsCity= m_nsSignature= 	 m_uiSex=0 m_uiCerFlag=0 m_nsCer=(null) scene=0 }
Mar 26 15:42:44 iPhone10-1-1 WeChat(TWeakLogifyWX.dylib)[91297] <Notice>: \^[[1;36m[TWeakLogifyWX] \^[[m\^[[0;36mTweak.xm:196\^[[m \^[[0;30;46mDEBUG:\^[[m -[<BaseMsgContentViewController: 0x1472c8200> GetContact]
Mar 26 15:42:44 iPhone10-1-1 WeChat(TWeakLogifyWX.dylib)[91297] <Notice>:  = {m_nsUsrName=4508235412@chatroom, m_nsEncodeUserName=, alias=, m_nsNickName=db\M-g\M->\M-$\M-h\M^A\M^J, m_uiType=3, m_uiConType=0, m_nsRemark=,  m_nsCountry= m_nsProvince= m_nsCity= m_nsSignature= 	 m_uiSex=0 m_uiCerFlag=0 m_nsCer=(null) scene=0 }
Mar 26 15:42:44 iPhone10-1-1 WeChat(TWeakLogifyWX.dylib)[91297] <Notice>:  = 1
Mar 26 15:42:44 iPhone10-1-1 WeChat(TWeakLogifyWX.dylib)[91297] <Notice>: \^[[1;36m[TWeakLogifyWX] \^[[m\^[[0;36mTweak.xm:187\^[[m \^[[0;30;46mDEBUG:\^[[m -[<BaseMsgContentViewController: 0x1472c8200> isUseDefaultChatBkgImage]
Mar 26 15:42:44 iPhone10-1-1 WeChat(TWeakLogifyWX.dylib)[91297] <Notice>: \^[[1;36m[TWeakLogifyWX] \^[[m\^[[0;36mTweak.xm:196\^[[m \^[[0;30;46mDEBUG:\^[[m -[<BaseMsgContentViewController: 0x1472c8200> GetContact]
Mar 26 15:42:44 iPhone10-1-1 WeChat(TWeakLogifyWX.dylib)[91297] <Notice>:  = {m_nsUsrName=4508235412@chatroom, m_nsEncodeUserName=, alias=, m_nsNickName=db\M-g\M->\M-$\M-h\M^A\M^J, m_uiType=3, m_uiConType=0, m_nsRemark=,  m_nsCountry= m_nsProvince= m_nsCity= m_nsSignature= 	 m_uiSex=0 m_uiCerFlag=0 m_nsCer=(null) scene=0 }
Mar 26 15:42:44 iPhone10-1-1 WeChat(TWeakLogifyWX.dylib)[91297] <Notice>: \^[[1;36m[TWeakLogifyWX] \^[[m\^[[0;36mTweak.xm:196\^[[m \^[[0;30;46mDEBUG:\^[[m -[<BaseMsgContentViewController: 0x1472c8200> GetContact]
Mar 26 15:42:44 iPhone10-1-1 WeChat(TWeakLogifyWX.dylib)[91297] <Notice>:  = {m_nsUsrName=4508235412@chatroom, m_nsEncodeUserName=, alias=, m_nsNickName=db\M-g\M->\M-$\M-h\M^A\M^J, m_uiType=3, m_uiConType=0, m_nsRemark=,  m_nsCountry= m_nsProvince= m_nsCity= m_nsSignature= 	 m_uiSex=0 m_uiCerFlag=0 m_nsCer=(null) scene=0 }
Mar 26 15:42:44 iPhone10-1-1 WeChat(TWeakLogifyWX.dylib)[91297] <Notice>:  = 1
Mar 26 15:42:44 iPhone10-1-1 WeChat(TWeakLogifyWX.dylib)[91297] <Notice>: \^[[1;36m[TWeakLogifyWX] \^[[m\^[[0;36mTweak.xm:187\^[[m \^[[0;30;46mDEBUG:\^[[m -[<BaseMsgContentViewController: 0x1472c8200> isUseDefaultChatBkgImage]
Mar 26 15:42:44 iPhone10-1-1 WeChat(TWeakLogifyWX.dylib)[91297] <Notice>: \^[[1;36m[TWeakLogifyWX] \^[[m\^[[0;36mTweak.xm:196\^[[m \^[[0;30;46mDEBUG:\^[[m -[<BaseMsgContentViewController: 0x1472c8200> GetContact]
Mar 26 15:42:44 iPhone10-1-1 WeChat(TWeakLogifyWX.dylib)[91297] <Notice>:  = {m_nsUsrName=4508235412@chatroom, m_nsEncodeUserName=, alias=, m_nsNickName=db\M-g\M->\M-$\M-h\M^A\M^J, m_uiType=3, m_uiConType=0, m_nsRemark=,  m_nsCountry= m_nsProvince= m_nsCity= m_nsSignature= 	 m_uiSex=0 m_uiCerFlag=0 m_nsCer=(null) scene=0 }
Mar 26 15:42:44 iPhone10-1-1 WeChat(TWeakLogifyWX.dylib)[91297] <Notice>: \^[[1;36m[TWeakLogifyWX] \^[[m\^[[0;36mTweak.xm:196\^[[m \^[[0;30;46mDEBUG:\^[[m -[<BaseMsgContentViewController: 0x1472c8200> GetContact]
Mar 26 15:42:44 iPhone10-1-1 WeChat(TWeakLogifyWX.dylib)[91297] <Notice>:  = {m_nsUsrName=4508235412@chatroom, m_nsEncodeUserName=, alias=, m_nsNickName=db\M-g\M->\M-$\M-h\M^A\M^J, m_uiType=3, m_uiConType=0, m_nsRemark=,  m_nsCountry= m_nsProvince= m_nsCity= m_nsSignature= 	 m_uiSex=0 m_uiCerFlag=0 m_nsCer=(null) scene=0 }
Mar 26 15:42:44 iPhone10-1-1 WeChat(TWeakLogifyWX.dylib)[91297] <Notice>:  = 1
Mar 26 15:42:44 iPhone10-1-1 WeChat(TWeakLogifyWX.dylib)[91297] <Notice>: \^[[1;36m[TWeakLogifyWX] \^[[m\^[[0;36mTweak.xm:291\^[[m \^[[0;30;46mDEBUG:\^[[m -[<BaseMsgContentViewController: 0x1472c8200> tableView:<YYTableView: 0x1472b6800; baseClass = UITableView; frame = (0 0; 320 568); clipsToBounds = YES; gestureRecognizers = <NSArray: 0x14915ad90>; layer = <CALayer: 0x14915a340>; contentOffset: {0, 1029}; contentSize: {320, 1293}> cellForRowAtIndexPath:<NSIndexPath: 0xc000000000001916> {length = 2, path = 25 - 0}]
Mar 26 15:42:44 iPhone10-1-1 WeChat(TWeakLogifyWX.dylib)[91297] <Notice>: \^[[1;36m[TWeakLogifyWX] \^[[m\^[[0;36mTweak.xm:294\^[[m \^[[0;30;46mDEBUG:\^[[m -[<BaseMsgContentViewController: 0x1472c8200> makeCell:<ChatTableViewCell: 0x1480ffa00; baseClass = UITableViewCell; frame = (0 1202; 320 55); hidden = YES; autoresize = W; layer = <CALayer: 0x149321ec0>> indexPath:<NSIndexPath: 0xc000000000001916> {length = 2, path = 25 - 0}]
Mar 26 15:42:44 iPhone10-1-1 WeChat(TWeakLogifyWX.dylib)[91297] <Notice>:  = <ChatTableViewCell: 0x1480ffa00; baseClass = UITableViewCell; frame = (0 1202; 320 55); hidden = YES; autoresize = W; layer = <CALayer: 0x149321ec0>>
Mar 26 15:42:44 iPhone10-1-1 WeChat(TWeakLogifyWX.dylib)[91297] <Notice>: \^[[1;36m[TWeakLogifyWX] \^[[m\^[[0;36mTweak.xm:291\^[[m \^[[0;30;46mDEBUG:\^[[m -[<BaseMsgContentViewController: 0x1472c8200> tableView:<YYTableView: 0x1472b6800; baseClass = UITableView; frame = (0 0; 320 568); clipsToBounds = YES; gestureRecognizers = <NSArray: 0x14915ad90>; layer = <CALayer: 0x14915a340>; contentOffset: {0, 1029}; contentSize: {320, 1293}> cellForRowAtIndexPath:<NSIndexPath: 0xc000000000001a16> {length = 2, path = 26 - 0}]
Mar 26 15:42:44 iPhone10-1-1 WeChat(TWeakLogifyWX.dylib)[91297] <Notice>: \^[[1;36m[TWeakLogifyWX] \^[[m\^[[0;36mTweak.xm:294\^[[m \^[[0;30;46mDEBUG:\^[[m -[<BaseMsgContentViewController: 0x1472c8200> makeCell:<ChatTableViewCell: 0x1472e0e00; baseClass = UITableViewCell; frame = (0 652; 320 36); hidden = YES; autoresize = W; layer = <CALayer: 0x14919e1a0>> indexPath:<NSIndexPath: 0xc000000000001a16> {length = 2, path = 26 - 0}]
Mar 26 15:42:44 iPhone10-1-1 WeChat(TWeakLogifyWX.dylib)[91297] <Notice>:  = <ChatTableViewCell: 0x1472e0e00; baseClass = UITableViewCell; frame = (0 652; 320 36); hidden = YES; autoresize = W; layer = <CALayer: 0x14919e1a0>>
Mar 26 15:42:44 iPhone10-1-1 WeChat(TWeakLogifyWX.dylib)[91297] <Notice>: \^[[1;36m[TWeakLogifyWX] \^[[m\^[[0;36mTweak.xm:187\^[[m \^[[0;30;46mDEBUG:\^[[m -[<BaseMsgContentViewController: 0x1472c8200> isUseDefaultChatBkgImage]
Mar 26 15:42:44 iPhone10-1-1 WeChat(TWeakLogifyWX.dylib)[91297] <Notice>: \^[[1;36m[TWeakLogifyWX] \^[[m\^[[0;36mTweak.xm:196\^[[m \^[[0;30;46mDEBUG:\^[[m -[<BaseMsgContentViewController: 0x1472c8200> GetContact]
Mar 26 15:42:44 iPhone10-1-1 WeChat(TWeakLogifyWX.dylib)[91297] <Notice>:  = {m_nsUsrName=4508235412@chatroom, m_nsEncodeUserName=, alias=, m_nsNickName=db\M-g\M->\M-$\M-h\M^A\M^J, m_uiType=3, m_uiConType=0, m_nsRemark=,  m_nsCountry= m_nsProvince= m_nsCity= m_nsSignature= 	 m_uiSex=0 m_uiCerFlag=0 m_nsCer=(null) scene=0 }
Mar 26 15:42:44 iPhone10-1-1 WeChat(TWeakLogifyWX.dylib)[91297] <Notice>: \^[[1;36m[TWeakLogifyWX] \^[[m\^[[0;36mTweak.xm:196\^[[m \^[[0;30;46mDEBUG:\^[[m -[<BaseMsgContentViewController: 0x1472c8200> GetContact]
Mar 26 15:42:44 iPhone10-1-1 WeChat(TWeakLogifyWX.dylib)[91297] <Notice>:  = {m_nsUsrName=4508235412@chatroom, m_nsEncodeUserName=, alias=, m_nsNickName=db\M-g\M->\M-$\M-h\M^A\M^J, m_uiType=3, m_uiConType=0, m_nsRemark=,  m_nsCountry= m_nsProvince= m_nsCity= m_nsSignature= 	 m_uiSex=0 m_uiCerFlag=0 m_nsCer=(null) scene=0 }
Mar 26 15:42:44 iPhone10-1-1 WeChat(TWeakLogifyWX.dylib)[91297] <Notice>:  = 1
Mar 26 15:42:44 iPhone10-1-1 WeChat(TWeakLogifyWX.dylib)[91297] <Notice>: \^[[1;36m[TWeakLogifyWX] \^[[m\^[[0;36mTweak.xm:187\^[[m \^[[0;30;46mDEBUG:\^[[m -[<BaseMsgContentViewController: 0x1472c8200> isUseDefaultChatBkgImage]
Mar 26 15:42:44 iPhone10-1-1 WeChat(TWeakLogifyWX.dylib)[91297] <Notice>: \^[[1;36m[TWeakLogifyWX] \^[[m\^[[0;36mTweak.xm:196\^[[m \^[[0;30;46mDEBUG:\^[[m -[<BaseMsgContentViewController: 0x1472c8200> GetContact]
Mar 26 15:42:44 iPhone10-1-1 WeChat(TWeakLogifyWX.dylib)[91297] <Notice>:  = {m_nsUsrName=4508235412@chatroom, m_nsEncodeUserName=, alias=, m_nsNickName=db\M-g\M->\M-$\M-h\M^A\M^J, m_uiType=3, m_uiConType=0, m_nsRemark=,  m_nsCountry= m_nsProvince= m_nsCity= m_nsSignature= 	 m_uiSex=0 m_uiCerFlag=0 m_nsCer=(null) scene=0 }
Mar 26 15:42:44 iPhone10-1-1 WeChat(TWeakLogifyWX.dylib)[91297] <Notice>: \^[[1;36m[TWeakLogifyWX] \^[[m\^[[0;36mTweak.xm:196\^[[m \^[[0;30;46mDEBUG:\^[[m -[<BaseMsgContentViewController: 0x1472c8200> GetContact]
Mar 26 15:42:44 iPhone10-1-1 WeChat(TWeakLogifyWX.dylib)[91297] <Notice>:  = {m_nsUsrName=4508235412@chatroom, m_nsEncodeUserName=, alias=, m_nsNickName=db\M-g\M->\M-$\M-h\M^A\M^J, m_uiType=3, m_uiConType=0, m_nsRemark=,  m_nsCountry= m_nsProvince= m_nsCity= m_nsSignature= 	 m_uiSex=0 m_uiCerFlag=0 m_nsCer=(null) scene=0 }
Mar 26 15:42:44 iPhone10-1-1 WeChat(TWeakLogifyWX.dylib)[91297] <Notice>:  = 1
Mar 26 15:42:44 iPhone10-1-1 WeChat(TWeakLogifyWX.dylib)[91297] <Notice>: \^[[1;36m[TWeakLogifyWX] \^[[m\^[[0;36mTweak.xm:187\^[[m \^[[0;30;46mDEBUG:\^[[m -[<BaseMsgContentViewController: 0x1472c8200> isUseDefaultChatBkgImage]
Mar 26 15:42:44 iPhone10-1-1 WeChat(TWeakLogifyWX.dylib)[91297] <Notice>: \^[[1;36m[TWeakLogifyWX] \^[[m\^[[0;36mTweak.xm:196\^[[m \^[[0;30;46mDEBUG:\^[[m -[<BaseMsgContentViewController: 0x1472c8200> GetContact]
Mar 26 15:42:44 iPhone10-1-1 WeChat(TWeakLogifyWX.dylib)[91297] <Notice>:  = {m_nsUsrName=4508235412@chatroom, m_nsEncodeUserName=, alias=, m_nsNickName=db\M-g\M->\M-$\M-h\M^A\M^J, m_uiType=3, m_uiConType=0, m_nsRemark=,  m_nsCountry= m_nsProvince= m_nsCity= m_nsSignature= 	 m_uiSex=0 m_uiCerFlag=0 m_nsCer=(null) scene=0 }
Mar 26 15:42:44 iPhone10-1-1 WeChat(TWeakLogifyWX.dylib)[91297] <Notice>: \^[[1;36m[TWeakLogifyWX] \^[[m\^[[0;36mTweak.xm:196\^[[m \^[[0;30;46mDEBUG:\^[[m -[<BaseMsgContentViewController: 0x1472c8200> GetContact]
Mar 26 15:42:44 iPhone10-1-1 WeChat(TWeakLogifyWX.dylib)[91297] <Notice>:  = {m_nsUsrName=4508235412@chatroom, m_nsEncodeUserName=, alias=, m_nsNickName=db\M-g\M->\M-$\M-h\M^A\M^J, m_uiType=3, m_uiConType=0, m_nsRemark=,  m_nsCountry= m_nsProvince= m_nsCity= m_nsSignature= 	 m_uiSex=0 m_uiCerFlag=0 m_nsCer=(null) scene=0 }
Mar 26 15:42:44 iPhone10-1-1 WeChat(TWeakLogifyWX.dylib)[91297] <Notice>:  = 1
Mar 26 15:42:44 iPhone10-1-1 WeChat(TWeakLogifyWX.dylib)[91297] <Notice>: \^[[1;36m[TWeakLogifyWX] \^[[m\^[[0;36mTweak.xm:187\^[[m \^[[0;30;46mDEBUG:\^[[m -[<BaseMsgContentViewController: 0x1472c8200> isUseDefaultChatBkgImage]
Mar 26 15:42:44 iPhone10-1-1 WeChat(TWeakLogifyWX.dylib)[91297] <Notice>: \^[[1;36m[TWeakLogifyWX] \^[[m\^[[0;36mTweak.xm:196\^[[m \^[[0;30;46mDEBUG:\^[[m -[<BaseMsgContentViewController: 0x1472c8200> GetContact]
Mar 26 15:42:44 iPhone10-1-1 WeChat(TWeakLogifyWX.dylib)[91297] <Notice>:  = {m_nsUsrName=4508235412@chatroom, m_nsEncodeUserName=, alias=, m_nsNickName=db\M-g\M->\M-$\M-h\M^A\M^J, m_uiType=3, m_uiConType=0, m_nsRemark=,  m_nsCountry= m_nsProvince= m_nsCity= m_nsSignature= 	 m_uiSex=0 m_uiCerFlag=0 m_nsCer=(null) scene=0 }
Mar 26 15:42:44 iPhone10-1-1 WeChat(TWeakLogifyWX.dylib)[91297] <Notice>: \^[[1;36m[TWeakLogifyWX] \^[[m\^[[0;36mTweak.xm:196\^[[m \^[[0;30;46mDEBUG:\^[[m -[<BaseMsgContentViewController: 0x1472c8200> GetContact]
Mar 26 15:42:44 iPhone10-1-1 WeChat(TWeakLogifyWX.dylib)[91297] <Notice>:  = {m_nsUsrName=4508235412@chatroom, m_nsEncodeUserName=, alias=, m_nsNickName=db\M-g\M->\M-$\M-h\M^A\M^J, m_uiType=3, m_uiConType=0, m_nsRemark=,  m_nsCountry= m_nsProvince= m_nsCity= m_nsSignature= 	 m_uiSex=0 m_uiCerFlag=0 m_nsCer=(null) scene=0 }
Mar 26 15:42:44 iPhone10-1-1 WeChat(TWeakLogifyWX.dylib)[91297] <Notice>:  = 1
Mar 26 15:42:44 iPhone10-1-1 WeChat(TWeakLogifyWX.dylib)[91297] <Notice>: \^[[1;36m[TWeakLogifyWX] \^[[m\^[[0;36mTweak.xm:467\^[[m \^[[0;30;46mDEBUG:\^[[m -[<BaseMsgContentViewController: 0x1472c8200> deleteNode:{m_uiMesLocalID=59, m_ui64MesSvrID=6468539132030407510, m_nsFromUsr=4508235412@chatroom, m_nsToUsr=wxi*322~19, m_uiStatus=4, type=1, msgSource="<msgsource><sequence_id>665754032</sequence_id>
Mar 26 15:42:44 iPhone10-1-1 WeChat(TWeakLogifyWX.dylib)[91297] <Notice>: \^[[1;36m[TWeakLogifyWX] \^[[m\^[[0;36mTweak.xm:483\^[[m \^[[0;30;46mDEBUG:\^[[m -[<BaseMsgContentViewController: 0x1472c8200> findNodeDataByLocalId:59]
Mar 26 15:42:44 iPhone10-1-1 WeChat(TWeakLogifyWX.dylib)[91297] <Notice>:  = <TextMessageViewModel: 0x149298070>
Mar 26 15:42:44 iPhone10-1-1 WeChat(TWeakLogifyWX.dylib)[91297] <Notice>: \^[[1;36m[TWeakLogifyWX] \^[[m\^[[0;36mTweak.xm:487\^[[m \^[[0;30;46mDEBUG:\^[[m -[<BaseMsgContentViewController: 0x1472c8200> findNodeIndexByLocalId:59]
Mar 26 15:42:44 iPhone10-1-1 WeChat(TWeakLogifyWX.dylib)[91297] <Notice>:  = 25
Mar 26 15:42:44 iPhone10-1-1 WeChat(TWeakLogifyWX.dylib)[91297] <Notice>: \^[[1;36m[TWeakLogifyWX] \^[[m\^[[0;36mTweak.xm:485\^[[m \^[[0;30;46mDEBUG:\^[[m -[<BaseMsgContentViewController: 0x1472c8200> removeObjectsFromMessageNodeDatas:(
Mar 26 15:42:44 iPhone10-1-1 WeChat(TWeakLogifyWX.dylib)[91297] <Notice>: \^[[1;36m[TWeakLogifyWX] \^[[m\^[[0;36mTweak.xm:366\^[[m \^[[0;30;46mDEBUG:\^[[m -[<BaseMsgContentViewController: 0x1472c8200> getLastSentMsg]
Mar 26 15:42:44 iPhone10-1-1 WeChat(TWeakLogifyWX.dylib)[91297] <Notice>:  = {m_uiMesLocalID=42, m_ui64MesSvrID=1969153511976647734, m_nsFromUsr=wxi*322~19, m_nsToUsr=4508235412@chatroom, m_uiStatus=2, type=1, msgSource="(null)"}
Mar 26 15:42:44 iPhone10-1-1 WeChat(TWeakLogifyWX.dylib)[91297] <Notice>: \^[[1;36m[TWeakLogifyWX] \^[[m\^[[0;36mTweak.xm:197\^[[m \^[[0;30;46mDEBUG:\^[[m -[<BaseMsgContentViewController: 0x1472c8200> updateMessageNodeStatus:{m_uiMesLocalID=42, m_ui64MesSvrID=1969153511976647734, m_nsFromUsr=wxi*322~19, m_nsToUsr=4508235412@chatroom, m_uiStatus=2, type=1, msgSource="(null)"} ]
Mar 26 15:42:44 iPhone10-1-1 WeChat(TWeakLogifyWX.dylib)[91297] <Notice>: \^[[1;36m[TWeakLogifyWX] \^[[m\^[[0;36mTweak.xm:483\^[[m \^[[0;30;46mDEBUG:\^[[m -[<BaseMsgContentViewController: 0x1472c8200> findNodeDataByLocalId:42]
Mar 26 15:42:44 iPhone10-1-1 WeChat(TWeakLogifyWX.dylib)[91297] <Notice>:  = <TextMessageViewModel: 0x14910ad30>
Mar 26 15:42:44 iPhone10-1-1 WeChat(TWeakLogifyWX.dylib)[91297] <Notice>: \^[[1;36m[TWeakLogifyWX] \^[[m\^[[0;36mTweak.xm:291\^[[m \^[[0;30;46mDEBUG:\^[[m -[<BaseMsgContentViewController: 0x1472c8200> tableView:<YYTableView: 0x1472b6800; baseClass = UITableView; frame = (0 0; 320 568); clipsToBounds = YES; gestureRecognizers = <NSArray: 0x14915ad90>; layer = <CALayer: 0x14915a340>; contentOffset: {0, 1029}; contentSize: {320, 1293}> cellForRowAtIndexPath:<NSIndexPath: 0xc000000000001416> {length = 2, path = 20 - 0}]
Mar 26 15:42:44 iPhone10-1-1 WeChat(TWeakLogifyWX.dylib)[91297] <Notice>: \^[[1;36m[TWeakLogifyWX] \^[[m\^[[0;36mTweak.xm:294\^[[m \^[[0;30;46mDEBUG:\^[[m -[<BaseMsgContentViewController: 0x1472c8200> makeCell:<ChatTableViewCell: 0x14826a400; baseClass = UITableViewCell; frame = (0 936; 320 55); hidden = YES; autoresize = W; layer = <CALayer: 0x149326a70>> indexPath:<NSIndexPath: 0xc000000000001416> {length = 2, path = 20 - 0}]
Mar 26 15:42:44 iPhone10-1-1 WeChat(TWeakLogifyWX.dylib)[91297] <Notice>:  = <ChatTableViewCell: 0x14826a400; baseClass = UITableViewCell; frame = (0 936; 320 55); hidden = YES; autoresize = W; layer = <CALayer: 0x149326a70>>
Mar 26 15:42:44 iPhone10-1-1 WeChat(TWeakLogifyWX.dylib)[91297] <Notice>: \^[[1;36m[TWeakLogifyWX] \^[[m\^[[0;36mTweak.xm:187\^[[m \^[[0;30;46mDEBUG:\^[[m -[<BaseMsgContentViewController: 0x1472c8200> isUseDefaultChatBkgImage]
Mar 26 15:42:44 iPhone10-1-1 WeChat(TWeakLogifyWX.dylib)[91297] <Notice>: \^[[1;36m[TWeakLogifyWX] \^[[m\^[[0;36mTweak.xm:196\^[[m \^[[0;30;46mDEBUG:\^[[m -[<BaseMsgContentViewController: 0x1472c8200> GetContact]
Mar 26 15:42:44 iPhone10-1-1 WeChat(TWeakLogifyWX.dylib)[91297] <Notice>:  = {m_nsUsrName=4508235412@chatroom, m_nsEncodeUserName=, alias=, m_nsNickName=db\M-g\M->\M-$\M-h\M^A\M^J, m_uiType=3, m_uiConType=0, m_nsRemark=,  m_nsCountry= m_nsProvince= m_nsCity= m_nsSignature= 	 m_uiSex=0 m_uiCerFlag=0 m_nsCer=(null) scene=0 }
Mar 26 15:42:44 iPhone10-1-1 WeChat(TWeakLogifyWX.dylib)[91297] <Notice>: \^[[1;36m[TWeakLogifyWX] \^[[m\^[[0;36mTweak.xm:196\^[[m \^[[0;30;46mDEBUG:\^[[m -[<BaseMsgContentViewController: 0x1472c8200> GetContact]
Mar 26 15:42:44 iPhone10-1-1 WeChat(TWeakLogifyWX.dylib)[91297] <Notice>:  = {m_nsUsrName=4508235412@chatroom, m_nsEncodeUserName=, alias=, m_nsNickName=db\M-g\M->\M-$\M-h\M^A\M^J, m_uiType=3, m_uiConType=0, m_nsRemark=,  m_nsCountry= m_nsProvince= m_nsCity= m_nsSignature= 	 m_uiSex=0 m_uiCerFlag=0 m_nsCer=(null) scene=0 }
Mar 26 15:42:44 iPhone10-1-1 WeChat(TWeakLogifyWX.dylib)[91297] <Notice>:  = 1
Mar 26 15:42:44 iPhone10-1-1 WeChat(TWeakLogifyWX.dylib)[91297] <Notice>: \^[[1;36m[TWeakLogifyWX] \^[[m\^[[0;36mTweak.xm:187\^[[m \^[[0;30;46mDEBUG:\^[[m -[<BaseMsgContentViewController: 0x1472c8200> isUseDefaultChatBkgImage]
Mar 26 15:42:44 iPhone10-1-1 WeChat(TWeakLogifyWX.dylib)[91297] <Notice>: \^[[1;36m[TWeakLogifyWX] \^[[m\^[[0;36mTweak.xm:196\^[[m \^[[0;30;46mDEBUG:\^[[m -[<BaseMsgContentViewController: 0x1472c8200> GetContact]
Mar 26 15:42:44 iPhone10-1-1 WeChat(TWeakLogifyWX.dylib)[91297] <Notice>:  = {m_nsUsrName=4508235412@chatroom, m_nsEncodeUserName=, alias=, m_nsNickName=db\M-g\M->\M-$\M-h\M^A\M^J, m_uiType=3, m_uiConType=0, m_nsRemark=,  m_nsCountry= m_nsProvince= m_nsCity= m_nsSignature= 	 m_uiSex=0 m_uiCerFlag=0 m_nsCer=(null) scene=0 }
Mar 26 15:42:44 iPhone10-1-1 WeChat(TWeakLogifyWX.dylib)[91297] <Notice>: \^[[1;36m[TWeakLogifyWX] \^[[m\^[[0;36mTweak.xm:196\^[[m \^[[0;30;46mDEBUG:\^[[m -[<BaseMsgContentViewController: 0x1472c8200> GetContact]
Mar 26 15:42:44 iPhone10-1-1 WeChat(TWeakLogifyWX.dylib)[91297] <Notice>:  = {m_nsUsrName=4508235412@chatroom, m_nsEncodeUserName=, alias=, m_nsNickName=db\M-g\M->\M-$\M-h\M^A\M^J, m_uiType=3, m_uiConType=0, m_nsRemark=,  m_nsCountry= m_nsProvince= m_nsCity= m_nsSignature= 	 m_uiSex=0 m_uiCerFlag=0 m_nsCer=(null) scene=0 }
Mar 26 15:42:44 iPhone10-1-1 WeChat(TWeakLogifyWX.dylib)[91297] <Notice>:  = 1
Mar 26 15:42:44 iPhone10-1-1 WeChat(TWeakLogifyWX.dylib)[91297] <Notice>: \^[[1;36m[TWeakLogifyWX] \^[[m\^[[0;36mTweak.xm:480\^[[m \^[[0;30;46mDEBUG:\^[[m -[<BaseMsgContentViewController: 0x1472c8200> getCurContentSizeHeight]
Mar 26 15:42:44 iPhone10-1-1 WeChat(TWeakLogifyWX.dylib)[91297] <Notice>:  = 1238
Mar 26 15:42:44 iPhone10-1-1 WeChat(TWeakLogifyWX.dylib)[91297] <Notice>: \^[[1;36m[TWeakLogifyWX] \^[[m\^[[0;36mTweak.xm:157\^[[m \^[[0;30;46mDEBUG:\^[[m -[<BaseMsgContentViewController: 0x1472c8200> getTableViewVisibleHeightWithOrientation:1]
Mar 26 15:42:44 iPhone10-1-1 WeChat(TWeakLogifyWX.dylib)[91297] <Notice>: \^[[1;36m[TWeakLogifyWX] \^[[m\^[[0;36mTweak.xm:302\^[[m \^[[0;30;46mDEBUG:\^[[m -[<BaseMsgContentViewController: 0x1472c8200> getSearchBarHeight]
Mar 26 15:42:44 iPhone10-1-1 WeChat(TWeakLogifyWX.dylib)[91297] <Notice>:  = 0.000000
Mar 26 15:42:44 iPhone10-1-1 WeChat(TWeakLogifyWX.dylib)[91297] <Notice>: \^[[1;36m[TWeakLogifyWX] \^[[m\^[[0;36mTweak.xm:399\^[[m \^[[0;30;46mDEBUG:\^[[m -[<BaseMsgContentViewController: 0x1472c8200> getTipsHeight]
Mar 26 15:42:44 iPhone10-1-1 WeChat(TWeakLogifyWX.dylib)[91297] <Notice>: \^[[1;36m[TWeakLogifyWX] \^[[m\^[[0;36mTweak.xm:398\^[[m \^[[0;30;46mDEBUG:\^[[m -[<BaseMsgContentViewController: 0x1472c8200> getAddFriendTipHeight]
Mar 26 15:42:44 iPhone10-1-1 WeChat(TWeakLogifyWX.dylib)[91297] <Notice>:  = 0.000000
Mar 26 15:42:44 iPhone10-1-1 WeChat(TWeakLogifyWX.dylib)[91297] <Notice>: \^[[1;36m[TWeakLogifyWX] \^[[m\^[[0;36mTweak.xm:397\^[[m \^[[0;30;46mDEBUG:\^[[m -[<BaseMsgContentViewController: 0x1472c8200> getSecurityBannerTipHeight]
Mar 26 15:42:44 iPhone10-1-1 WeChat(TWeakLogifyWX.dylib)[91297] <Notice>:  = 0.000000
Mar 26 15:42:44 iPhone10-1-1 WeChat(TWeakLogifyWX.dylib)[91297] <Notice>:  = 0.000000
Mar 26 15:42:44 iPhone10-1-1 WeChat(TWeakLogifyWX.dylib)[91297] <Notice>:  = 264.000000
Mar 26 15:42:44 iPhone10-1-1 WeChat(TWeakLogifyWX.dylib)[91297] <Notice>: \^[[1;36m[TWeakLogifyWX] \^[[m\^[[0;36mTweak.xm:62\^[[m \^[[0;30;46mDEBUG:\^[[m -[<BaseMsgContentViewController: 0x1472c8200> onNewSyncStart]
Mar 26 15:42:44 iPhone10-1-1 WeChat(TWeakLogifyWX.dylib)[91297] <Notice>: \^[[1;36m[TWeakLogifyWX] \^[[m\^[[0;36mTweak.xm:61\^[[m \^[[0;30;46mDEBUG:\^[[m -[<BaseMsgContentViewController: 0x1472c8200> onNewSyncFinish]
Mar 26 15:42:44 iPhone10-1-1 WeChat(TWeakLogifyWX.dylib)[91297] <Notice>: \^[[1;36m[TWeakLogifyWX] \^[[m\^[[0;36mTweak.xm:295\^[[m \^[[0;30;46mDEBUG:\^[[m -[<BaseMsgContentViewController: 0x1472c8200> viewDidLayoutSubviews]
Mar 26 15:42:44 iPhone10-1-1 WeChat(TWeakLogifyWX.dylib)[91297] <Notice>: \^[[1;36m[TWeakLogifyWX] \^[[m\^[[0;36mTweak.xm:453\^[[m \^[[0;30;46mDEBUG:\^[[m -[<BaseMsgContentViewController: 0x1472c8200> highLightSearchKeyWordInSelectCell]
Mar 26 15:42:44 iPhone10-1-1 WeChat(TWeakLogifyWX.dylib)[91297] <Notice>: \^[[1;36m[TWeakLogifyWX] \^[[m\^[[0;36mTweak.xm:187\^[[m \^[[0;30;46mDEBUG:\^[[m -[<BaseMsgContentViewController: 0x1472c8200> isUseDefaultChatBkgImage]
Mar 26 15:42:44 iPhone10-1-1 WeChat(TWeakLogifyWX.dylib)[91297] <Notice>: \^[[1;36m[TWeakLogifyWX] \^[[m\^[[0;36mTweak.xm:196\^[[m \^[[0;30;46mDEBUG:\^[[m -[<BaseMsgContentViewController: 0x1472c8200> GetContact]
Mar 26 15:42:44 iPhone10-1-1 WeChat(TWeakLogifyWX.dylib)[91297] <Notice>:  = {m_nsUsrName=4508235412@chatroom, m_nsEncodeUserName=, alias=, m_nsNickName=db\M-g\M->\M-$\M-h\M^A\M^J, m_uiType=3, m_uiConType=0, m_nsRemark=,  m_nsCountry= m_nsProvince= m_nsCity= m_nsSignature= 	 m_uiSex=0 m_uiCerFlag=0 m_nsCer=(null) scene=0 }
Mar 26 15:42:44 iPhone10-1-1 WeChat(TWeakLogifyWX.dylib)[91297] <Notice>: \^[[1;36m[TWeakLogifyWX] \^[[m\^[[0;36mTweak.xm:196\^[[m \^[[0;30;46mDEBUG:\^[[m -[<BaseMsgContentViewController: 0x1472c8200> GetContact]
Mar 26 15:42:44 iPhone10-1-1 WeChat(TWeakLogifyWX.dylib)[91297] <Notice>:  = {m_nsUsrName=4508235412@chatroom, m_nsEncodeUserName=, alias=, m_nsNickName=db\M-g\M->\M-$\M-h\M^A\M^J, m_uiType=3, m_uiConType=0, m_nsRemark=,  m_nsCountry= m_nsProvince= m_nsCity= m_nsSignature= 	 m_uiSex=0 m_uiCerFlag=0 m_nsCer=(null) scene=0 }
Mar 26 15:42:44 iPhone10-1-1 WeChat(TWeakLogifyWX.dylib)[91297] <Notice>:  = 1
Mar 26 15:42:44 iPhone10-1-1 WeChat(TWeakLogifyWX.dylib)[91297] <Notice>: \^[[1;36m[TWeakLogifyWX] \^[[m\^[[0;36mTweak.xm:187\^[[m \^[[0;30;46mDEBUG:\^[[m -[<BaseMsgContentViewController: 0x1472c8200> isUseDefaultChatBkgImage]
Mar 26 15:42:44 iPhone10-1-1 WeChat(TWeakLogifyWX.dylib)[91297] <Notice>: \^[[1;36m[TWeakLogifyWX] \^[[m\^[[0;36mTweak.xm:196\^[[m \^[[0;30;46mDEBUG:\^[[m -[<BaseMsgContentViewController: 0x1472c8200> GetContact]
Mar 26 15:42:44 iPhone10-1-1 WeChat(TWeakLogifyWX.dylib)[91297] <Notice>:  = {m_nsUsrName=4508235412@chatroom, m_nsEncodeUserName=, alias=, m_nsNickName=db\M-g\M->\M-$\M-h\M^A\M^J, m_uiType=3, m_uiConType=0, m_nsRemark=,  m_nsCountry= m_nsProvince= m_nsCity= m_nsSignature= 	 m_uiSex=0 m_uiCerFlag=0 m_nsCer=(null) scene=0 }
Mar 26 15:42:44 iPhone10-1-1 WeChat(TWeakLogifyWX.dylib)[91297] <Notice>: \^[[1;36m[TWeakLogifyWX] \^[[m\^[[0;36mTweak.xm:196\^[[m \^[[0;30;46mDEBUG:\^[[m -[<BaseMsgContentViewController: 0x1472c8200> GetContact]
Mar 26 15:42:44 iPhone10-1-1 WeChat(TWeakLogifyWX.dylib)[91297] <Notice>:  = {m_nsUsrName=4508235412@chatroom, m_nsEncodeUserName=, alias=, m_nsNickName=db\M-g\M->\M-$\M-h\M^A\M^J, m_uiType=3, m_uiConType=0, m_nsRemark=,  m_nsCountry= m_nsProvince= m_nsCity= m_nsSignature= 	 m_uiSex=0 m_uiCerFlag=0 m_nsCer=(null) scene=0 }
Mar 26 15:42:44 iPhone10-1-1 WeChat(TWeakLogifyWX.dylib)[91297] <Notice>:  = 1
Mar 26 15:42:44 iPhone10-1-1 WeChat(TWeakLogifyWX.dylib)[91297] <Notice>: \^[[1;36m[TWeakLogifyWX] \^[[m\^[[0;36mTweak.xm:8\^[[m \^[[0;30;46mDEBUG:\^[[m -[<BaseMsgContentViewController: 0x1472c8200> richTextCoverView]
Mar 26 15:42:44 iPhone10-1-1 WeChat(TWeakLogifyWX.dylib)[91297] <Notice>:  = (null)
Mar 26 15:42:44 iPhone10-1-1 WeChat(TWeakLogifyWX.dylib)[91297] <Notice>: \^[[1;36m[TWeakLogifyWX] \^[[m\^[[0;36mTweak.xm:8\^[[m \^[[0;30;46mDEBUG:\^[[m -[<BaseMsgContentViewController: 0x1472c8200> richTextCoverView]
Mar 26 15:42:44 iPhone10-1-1 WeChat(TWeakLogifyWX.dylib)[91297] <Notice>:  = (null)
Mar 26 15:42:44 iPhone10-1-1 WeChat(TWeakLogifyWX.dylib)[91297] <Notice>: \^[[1;36m[TWeakLogifyWX] \^[[m\^[[0;36mTweak.xm:187\^[[m \^[[0;30;46mDEBUG:\^[[m -[<BaseMsgContentViewController: 0x1472c8200> isUseDefaultChatBkgImage]
Mar 26 15:42:44 iPhone10-1-1 WeChat(TWeakLogifyWX.dylib)[91297] <Notice>: \^[[1;36m[TWeakLogifyWX] \^[[m\^[[0;36mTweak.xm:196\^[[m \^[[0;30;46mDEBUG:\^[[m -[<BaseMsgContentViewController: 0x1472c8200> GetContact]
Mar 26 15:42:44 iPhone10-1-1 WeChat(TWeakLogifyWX.dylib)[91297] <Notice>:  = {m_nsUsrName=4508235412@chatroom, m_nsEncodeUserName=, alias=, m_nsNickName=db\M-g\M->\M-$\M-h\M^A\M^J, m_uiType=3, m_uiConType=0, m_nsRemark=,  m_nsCountry= m_nsProvince= m_nsCity= m_nsSignature= 	 m_uiSex=0 m_uiCerFlag=0 m_nsCer=(null) scene=0 }
Mar 26 15:42:44 iPhone10-1-1 WeChat(TWeakLogifyWX.dylib)[91297] <Notice>: \^[[1;36m[TWeakLogifyWX] \^[[m\^[[0;36mTweak.xm:196\^[[m \^[[0;30;46mDEBUG:\^[[m -[<BaseMsgContentViewController: 0x1472c8200> GetContact]
Mar 26 15:42:44 iPhone10-1-1 WeChat(TWeakLogifyWX.dylib)[91297] <Notice>:  = {m_nsUsrName=4508235412@chatroom, m_nsEncodeUserName=, alias=, m_nsNickName=db\M-g\M->\M-$\M-h\M^A\M^J, m_uiType=3, m_uiConType=0, m_nsRemark=,  m_nsCountry= m_nsProvince= m_nsCity= m_nsSignature= 	 m_uiSex=0 m_uiCerFlag=0 m_nsCer=(null) scene=0 }
Mar 26 15:42:44 iPhone10-1-1 WeChat(TWeakLogifyWX.dylib)[91297] <Notice>:  = 1
Mar 26 15:42:44 iPhone10-1-1 WeChat(TWeakLogifyWX.dylib)[91297] <Notice>: \^[[1;36m[TWeakLogifyWX] \^[[m\^[[0;36mTweak.xm:187\^[[m \^[[0;30;46mDEBUG:\^[[m -[<BaseMsgContentViewController: 0x1472c8200> isUseDefaultChatBkgImage]
Mar 26 15:42:44 iPhone10-1-1 WeChat(TWeakLogifyWX.dylib)[91297] <Notice>: \^[[1;36m[TWeakLogifyWX] \^[[m\^[[0;36mTweak.xm:196\^[[m \^[[0;30;46mDEBUG:\^[[m -[<BaseMsgContentViewController: 0x1472c8200> GetContact]
Mar 26 15:42:44 iPhone10-1-1 WeChat(TWeakLogifyWX.dylib)[91297] <Notice>:  = {m_nsUsrName=4508235412@chatroom, m_nsEncodeUserName=, alias=, m_nsNickName=db\M-g\M->\M-$\M-h\M^A\M^J, m_uiType=3, m_uiConType=0, m_nsRemark=,  m_nsCountry= m_nsProvince= m_nsCity= m_nsSignature= 	 m_uiSex=0 m_uiCerFlag=0 m_nsCer=(null) scene=0 }
Mar 26 15:42:44 iPhone10-1-1 WeChat(TWeakLogifyWX.dylib)[91297] <Notice>: \^[[1;36m[TWeakLogifyWX] \^[[m\^[[0;36mTweak.xm:196\^[[m \^[[0;30;46mDEBUG:\^[[m -[<BaseMsgContentViewController: 0x1472c8200> GetContact]
Mar 26 15:42:44 iPhone10-1-1 WeChat(TWeakLogifyWX.dylib)[91297] <Notice>:  = {m_nsUsrName=4508235412@chatroom, m_nsEncodeUserName=, alias=, m_nsNickName=db\M-g\M->\M-$\M-h\M^A\M^J, m_uiType=3, m_uiConType=0, m_nsRemark=,  m_nsCountry= m_nsProvince= m_nsCity= m_nsSignature= 	 m_uiSex=0 m_uiCerFlag=0 m_nsCer=(null) scene=0 }
Mar 26 15:42:44 iPhone10-1-1 WeChat(TWeakLogifyWX.dylib)[91297] <Notice>:  = 1
